wandb: Starting wandb agent 🕵️
wandb: [wandb.login()] Loaded credentials for https://api.wandb.ai from /home/simon/.netrc.
2026-03-04 10:47:53,312 - wandb.wandb_agent - INFO - Running runs: []
2026-03-04 10:47:54,069 - wandb.wandb_agent - INFO - Agent received command: run
2026-03-04 10:47:54,070 - wandb.wandb_agent - INFO - Agent starting run with config:
	ablation: p1a
	batch-size: 25
	depth: 3
	embed-dim: 24
	lambda-clap-t2a: 0.5
	lambda-d: 0.5
	lambda-t: 0.1
	lr: 0.001
	margin: 1
	n-epochs: 100
	num-heads: 1
	seed: 22
	tag: track09-p1
	w-clap: 1
	w-mse: 1
	w-oe: 1
	wandb-project: peacock-asr
2026-03-04 10:47:54,073 - wandb.wandb_agent - INFO - About to run command: /usr/bin/env uv run runs/track09_conpco_ablation.py --ablation=p1a --batch-size=25 --depth=3 --embed-dim=24 --lambda-clap-t2a=0.5 --lambda-d=0.5 --lambda-t=0.1 --lr=0.001 --margin=1 --n-epochs=100 --num-heads=1 --seed=22 --tag=track09-p1 --w-clap=1 --w-mse=1 --w-oe=1 --wandb-project=peacock-asr
2026-03-04 10:47:54,785 track09 INFO     Ablation: p1a (MSE-only), seed=22
2026-03-04 10:47:54,826 track09 INFO     Found cached features (old format) at /home/simon/github/peacock-asr/.cache/features/original__checkpoint-8000_
2026-03-04 10:47:55,630 track09 INFO     Loaded 2500 train, 2500 test utterances (feat_dim=42)
2026-03-04 10:47:55,632 track09 INFO     Device: cuda
wandb: [wandb.login()] Loaded credentials for https://api.wandb.ai from /home/simon/.netrc.
wandb: Currently logged in as: cheez2012 (peacockery) to https://api.wandb.ai. Use `wandb login --relogin` to force relogin
wandb: WARNING Ignoring project 'peacock-asr' when running a sweep.
wandb: setting up run 2g9zml91
wandb: Tracking run with wandb version 0.25.0
wandb: Run data is saved locally in /home/simon/github/peacock-asr/wandb/run-20260304_104756-2g9zml91
wandb: Run `wandb offline` to turn off syncing.
wandb: Syncing run track09-p1a-seed22
wandb: ⭐️ View project at https://wandb.ai/peacockery/peacock-asr-runs
wandb: 🧹 View sweep at https://wandb.ai/peacockery/peacock-asr-runs/sweeps/p38g7dnj
wandb: 🚀 View run at https://wandb.ai/peacockery/peacock-asr-runs/runs/2g9zml91
2026-03-04 10:47:57,048 peacock_asr.gopt_model INFO     Norm stats: mean=8.822, std=6.996
2026-03-04 10:47:57,675 peacock_asr.gopt_model INFO     GOPT: 24745 params, embed=24, heads=1, depth=3, conpco=False
2026-03-04 10:47:58,976 track09 INFO     Epoch 1/100  loss=1.1371  lr=1.00e-03  (0.8s)
2026-03-04 10:47:58,976 peacock_asr.gopt_model INFO     Epoch 1/100  loss=1.1371 (mse=1.1371 oe=0.0000 clap=0.0000)  lr=1.00e-03
2026-03-04 10:47:59,100 - wandb.wandb_agent - INFO - Running runs: ['2g9zml91']
2026-03-04 10:48:07,462 track09 INFO     Epoch 20/100  loss=0.0954  lr=5.00e-04  (0.4s)
2026-03-04 10:48:07,463 peacock_asr.gopt_model INFO     Epoch 20/100  loss=0.0954 (mse=0.0954 oe=0.0000 clap=0.0000)  lr=5.00e-04
2026-03-04 10:48:16,662 track09 INFO     Epoch 40/100  loss=0.0842  lr=3.13e-05  (0.6s)
2026-03-04 10:48:16,662 peacock_asr.gopt_model INFO     Epoch 40/100  loss=0.0842 (mse=0.0842 oe=0.0000 clap=0.0000)  lr=3.13e-05
2026-03-04 10:48:25,701 track09 INFO     Epoch 60/100  loss=0.0826  lr=1.95e-06  (0.4s)
2026-03-04 10:48:25,701 peacock_asr.gopt_model INFO     Epoch 60/100  loss=0.0826 (mse=0.0826 oe=0.0000 clap=0.0000)  lr=1.95e-06
2026-03-04 10:48:34,767 track09 INFO     Epoch 80/100  loss=0.0822  lr=1.22e-07  (0.4s)
2026-03-04 10:48:34,767 peacock_asr.gopt_model INFO     Epoch 80/100  loss=0.0822 (mse=0.0822 oe=0.0000 clap=0.0000)  lr=1.22e-07
2026-03-04 10:48:43,254 track09 INFO     Epoch 100/100  loss=0.0824  lr=1.53e-08  (0.4s)
2026-03-04 10:48:43,255 peacock_asr.gopt_model INFO     Epoch 100/100  loss=0.0824 (mse=0.0824 oe=0.0000 clap=0.0000)  lr=1.53e-08
2026-03-04 10:48:43,946 track09 INFO     Done. PCC=0.6449  MSE=0.0798  n_phones=47369
wandb: uploading history steps 97-100, summary, console lines 12-14
wandb: 
wandb: Run history:
wandb:           epoch ▁▁▁▁▁▂▂▂▂▂▃▃▃▃▃▃▄▄▄▄▄▄▄▅▅▅▆▆▆▆▆▇▇▇▇▇████
wandb:  epoch_time_sec █▂▂▂▆▅▃▂▂▅▂▂▃▄▃▄▃▃▂▁▃▂▂▄▃▂▂▂▃▂▂▂▂▁▁▃▄▃▃▁
wandb:  final/n_phones ▁
wandb:   final/phn_mse ▁
wandb:   final/phn_pcc ▁
wandb:              lr ███████▄▄▃▃▂▂▂▁▁▁▁▁▁▁▁▁▁▁▁▁▁▁▁▁▁▁▁▁▁▁▁▁▁
wandb:      train/loss █▁▁▁▁▁▁▁▁▁▁▁▁▁▁▁▁▁▁▁▁▁▁▁▁▁▁▁▁▁▁▁▁▁▁▁▁▁▁▁
wandb: train/loss_clap ▁▁▁▁▁▁▁▁▁▁▁▁▁▁▁▁▁▁▁▁▁▁▁▁▁▁▁▁▁▁▁▁▁▁▁▁▁▁▁▁
wandb:  train/loss_mse █▁▁▁▁▁▁▁▁▁▁▁▁▁▁▁▁▁▁▁▁▁▁▁▁▁▁▁▁▁▁▁▁▁▁▁▁▁▁▁
wandb:   train/loss_oe ▁▁▁▁▁▁▁▁▁▁▁▁▁▁▁▁▁▁▁▁▁▁▁▁▁▁▁▁▁▁▁▁▁▁▁▁▁▁▁▁
wandb: 
wandb: Run summary:
wandb:           epoch 100
wandb:  epoch_time_sec 0.39924
wandb:  final/n_phones 47369
wandb:   final/phn_mse 0.07984
wandb:   final/phn_pcc 0.64494
wandb:              lr 0.0
wandb:         phn_mse 0.07984
wandb:         phn_pcc 0.64494
wandb:      train/loss 0.08236
wandb: train/loss_clap 0
wandb:              +2 ...
wandb: 
wandb: 🚀 View run track09-p1a-seed22 at: https://wandb.ai/peacockery/peacock-asr-runs/runs/2g9zml91
wandb: ⭐️ View project at: https://wandb.ai/peacockery/peacock-asr-runs
wandb: Synced 5 W&B file(s), 0 media file(s), 0 artifact file(s) and 0 other file(s)
wandb: Find logs at: ./wandb/run-20260304_104756-2g9zml91/logs
2026-03-04 10:48:50,855 - wandb.wandb_agent - INFO - Cleaning up finished run: 2g9zml91
2026-03-04 10:48:51,589 - wandb.wandb_agent - INFO - Agent received command: run
2026-03-04 10:48:51,590 - wandb.wandb_agent - INFO - Agent starting run with config:
	ablation: p1a
	batch-size: 25
	depth: 3
	embed-dim: 24
	lambda-clap-t2a: 0.5
	lambda-d: 0.5
	lambda-t: 0.1
	lr: 0.001
	margin: 1
	n-epochs: 100
	num-heads: 1
	seed: 33
	tag: track09-p1
	w-clap: 1
	w-mse: 1
	w-oe: 1
	wandb-project: peacock-asr
2026-03-04 10:48:51,593 - wandb.wandb_agent - INFO - About to run command: /usr/bin/env uv run runs/track09_conpco_ablation.py --ablation=p1a --batch-size=25 --depth=3 --embed-dim=24 --lambda-clap-t2a=0.5 --lambda-d=0.5 --lambda-t=0.1 --lr=0.001 --margin=1 --n-epochs=100 --num-heads=1 --seed=33 --tag=track09-p1 --w-clap=1 --w-mse=1 --w-oe=1 --wandb-project=peacock-asr
2026-03-04 10:48:52,327 track09 INFO     Ablation: p1a (MSE-only), seed=33
2026-03-04 10:48:52,368 track09 INFO     Found cached features (old format) at /home/simon/github/peacock-asr/.cache/features/original__checkpoint-8000_
2026-03-04 10:48:53,176 track09 INFO     Loaded 2500 train, 2500 test utterances (feat_dim=42)
2026-03-04 10:48:53,178 track09 INFO     Device: cuda
wandb: [wandb.login()] Loaded credentials for https://api.wandb.ai from /home/simon/.netrc.
wandb: Currently logged in as: cheez2012 (peacockery) to https://api.wandb.ai. Use `wandb login --relogin` to force relogin
wandb: WARNING Ignoring project 'peacock-asr' when running a sweep.
wandb: setting up run 3pind9yw
wandb: Tracking run with wandb version 0.25.0
wandb: Run data is saved locally in /home/simon/github/peacock-asr/wandb/run-20260304_104853-3pind9yw
wandb: Run `wandb offline` to turn off syncing.
wandb: Syncing run track09-p1a-seed33
wandb: ⭐️ View project at https://wandb.ai/peacockery/peacock-asr-runs
wandb: 🧹 View sweep at https://wandb.ai/peacockery/peacock-asr-runs/sweeps/p38g7dnj
wandb: 🚀 View run at https://wandb.ai/peacockery/peacock-asr-runs/runs/3pind9yw
2026-03-04 10:48:54,612 peacock_asr.gopt_model INFO     Norm stats: mean=8.822, std=6.996
2026-03-04 10:48:55,203 peacock_asr.gopt_model INFO     GOPT: 24745 params, embed=24, heads=1, depth=3, conpco=False
2026-03-04 10:48:56,493 track09 INFO     Epoch 1/100  loss=0.7438  lr=1.00e-03  (0.8s)
2026-03-04 10:48:56,493 peacock_asr.gopt_model INFO     Epoch 1/100  loss=0.7438 (mse=0.7438 oe=0.0000 clap=0.0000)  lr=1.00e-03
2026-03-04 10:48:56,620 - wandb.wandb_agent - INFO - Running runs: ['3pind9yw']
2026-03-04 10:49:04,364 track09 INFO     Epoch 20/100  loss=0.0943  lr=5.00e-04  (0.5s)
2026-03-04 10:49:04,365 peacock_asr.gopt_model INFO     Epoch 20/100  loss=0.0943 (mse=0.0943 oe=0.0000 clap=0.0000)  lr=5.00e-04
2026-03-04 10:49:13,302 track09 INFO     Epoch 40/100  loss=0.0848  lr=3.13e-05  (0.7s)
2026-03-04 10:49:13,302 peacock_asr.gopt_model INFO     Epoch 40/100  loss=0.0848 (mse=0.0848 oe=0.0000 clap=0.0000)  lr=3.13e-05
2026-03-04 10:49:21,873 track09 INFO     Epoch 60/100  loss=0.0833  lr=1.95e-06  (0.5s)
2026-03-04 10:49:21,874 peacock_asr.gopt_model INFO     Epoch 60/100  loss=0.0833 (mse=0.0833 oe=0.0000 clap=0.0000)  lr=1.95e-06
2026-03-04 10:49:31,294 track09 INFO     Epoch 80/100  loss=0.0830  lr=1.22e-07  (0.5s)
2026-03-04 10:49:31,294 peacock_asr.gopt_model INFO     Epoch 80/100  loss=0.0830 (mse=0.0830 oe=0.0000 clap=0.0000)  lr=1.22e-07
2026-03-04 10:49:40,969 track09 INFO     Epoch 100/100  loss=0.0830  lr=1.53e-08  (0.5s)
2026-03-04 10:49:40,969 peacock_asr.gopt_model INFO     Epoch 100/100  loss=0.0830 (mse=0.0830 oe=0.0000 clap=0.0000)  lr=1.53e-08
2026-03-04 10:49:41,680 track09 INFO     Done. PCC=0.6334  MSE=0.0819  n_phones=47369
wandb: updating run metadata
wandb: uploading output.log; uploading wandb-summary.json; uploading config.yaml
wandb: 
wandb: Run history:
wandb:           epoch ▁▁▁▁▁▁▂▂▂▃▃▃▃▃▃▄▄▄▄▄▄▄▄▅▅▆▆▆▆▆▆▆▆▇▇▇████
wandb:  epoch_time_sec ▆▂▂▂▃▁▃▂▁▂▂▂▃▁▁▇▅▂▃▂▂▂▁▂▂▂▃▂▃▄▂▃▃▂█▃▂▂▁▁
wandb:  final/n_phones ▁
wandb:   final/phn_mse ▁
wandb:   final/phn_pcc ▁
wandb:              lr ██████████▄▄▄▃▂▁▁▁▁▁▁▁▁▁▁▁▁▁▁▁▁▁▁▁▁▁▁▁▁▁
wandb:      train/loss █▆▆▆▆▅▅▅▄▄▄▃▂▂▂▁▁▁▁▁▁▁▁▁▁▁▁▁▁▁▁▁▁▁▁▁▁▁▁▁
wandb: train/loss_clap ▁▁▁▁▁▁▁▁▁▁▁▁▁▁▁▁▁▁▁▁▁▁▁▁▁▁▁▁▁▁▁▁▁▁▁▁▁▁▁▁
wandb:  train/loss_mse █▁▁▁▁▁▁▁▁▁▁▁▁▁▁▁▁▁▁▁▁▁▁▁▁▁▁▁▁▁▁▁▁▁▁▁▁▁▁▁
wandb:   train/loss_oe ▁▁▁▁▁▁▁▁▁▁▁▁▁▁▁▁▁▁▁▁▁▁▁▁▁▁▁▁▁▁▁▁▁▁▁▁▁▁▁▁
wandb: 
wandb: Run summary:
wandb:           epoch 100
wandb:  epoch_time_sec 0.48005
wandb:  final/n_phones 47369
wandb:   final/phn_mse 0.08195
wandb:   final/phn_pcc 0.63335
wandb:              lr 0.0
wandb:         phn_mse 0.08195
wandb:         phn_pcc 0.63335
wandb:      train/loss 0.08296
wandb: train/loss_clap 0
wandb:              +2 ...
wandb: 
wandb: 🚀 View run track09-p1a-seed33 at: https://wandb.ai/peacockery/peacock-asr-runs/runs/3pind9yw
wandb: ⭐️ View project at: https://wandb.ai/peacockery/peacock-asr-runs
wandb: Synced 5 W&B file(s), 0 media file(s), 0 artifact file(s) and 0 other file(s)
wandb: Find logs at: ./wandb/run-20260304_104853-3pind9yw/logs
2026-03-04 10:49:43,760 - wandb.wandb_agent - INFO - Cleaning up finished run: 3pind9yw
2026-03-04 10:49:44,233 - wandb.wandb_agent - INFO - Agent received command: run
2026-03-04 10:49:44,233 - wandb.wandb_agent - INFO - Agent starting run with config:
	ablation: p1a
	batch-size: 25
	depth: 3
	embed-dim: 24
	lambda-clap-t2a: 0.5
	lambda-d: 0.5
	lambda-t: 0.1
	lr: 0.001
	margin: 1
	n-epochs: 100
	num-heads: 1
	seed: 44
	tag: track09-p1
	w-clap: 1
	w-mse: 1
	w-oe: 1
	wandb-project: peacock-asr
2026-03-04 10:49:44,236 - wandb.wandb_agent - INFO - About to run command: /usr/bin/env uv run runs/track09_conpco_ablation.py --ablation=p1a --batch-size=25 --depth=3 --embed-dim=24 --lambda-clap-t2a=0.5 --lambda-d=0.5 --lambda-t=0.1 --lr=0.001 --margin=1 --n-epochs=100 --num-heads=1 --seed=44 --tag=track09-p1 --w-clap=1 --w-mse=1 --w-oe=1 --wandb-project=peacock-asr
2026-03-04 10:49:44,982 track09 INFO     Ablation: p1a (MSE-only), seed=44
2026-03-04 10:49:45,025 track09 INFO     Found cached features (old format) at /home/simon/github/peacock-asr/.cache/features/original__checkpoint-8000_
2026-03-04 10:49:45,812 track09 INFO     Loaded 2500 train, 2500 test utterances (feat_dim=42)
2026-03-04 10:49:45,814 track09 INFO     Device: cuda
wandb: [wandb.login()] Loaded credentials for https://api.wandb.ai from /home/simon/.netrc.
wandb: Currently logged in as: cheez2012 (peacockery) to https://api.wandb.ai. Use `wandb login --relogin` to force relogin
wandb: WARNING Ignoring project 'peacock-asr' when running a sweep.
wandb: setting up run tf6985u5
wandb: Tracking run with wandb version 0.25.0
wandb: Run data is saved locally in /home/simon/github/peacock-asr/wandb/run-20260304_104946-tf6985u5
wandb: Run `wandb offline` to turn off syncing.
wandb: Syncing run track09-p1a-seed44
wandb: ⭐️ View project at https://wandb.ai/peacockery/peacock-asr-runs
wandb: 🧹 View sweep at https://wandb.ai/peacockery/peacock-asr-runs/sweeps/p38g7dnj
wandb: 🚀 View run at https://wandb.ai/peacockery/peacock-asr-runs/runs/tf6985u5
2026-03-04 10:49:47,956 peacock_asr.gopt_model INFO     Norm stats: mean=8.822, std=6.996
2026-03-04 10:49:48,523 peacock_asr.gopt_model INFO     GOPT: 24745 params, embed=24, heads=1, depth=3, conpco=False
2026-03-04 10:49:49,262 - wandb.wandb_agent - INFO - Running runs: ['tf6985u5']
2026-03-04 10:49:49,871 track09 INFO     Epoch 1/100  loss=0.5540  lr=1.00e-03  (0.8s)
2026-03-04 10:49:49,872 peacock_asr.gopt_model INFO     Epoch 1/100  loss=0.5540 (mse=0.5540 oe=0.0000 clap=0.0000)  lr=1.00e-03
2026-03-04 10:49:58,424 track09 INFO     Epoch 20/100  loss=0.0886  lr=5.00e-04  (0.4s)
2026-03-04 10:49:58,425 peacock_asr.gopt_model INFO     Epoch 20/100  loss=0.0886 (mse=0.0886 oe=0.0000 clap=0.0000)  lr=5.00e-04
2026-03-04 10:50:07,792 track09 INFO     Epoch 40/100  loss=0.0731  lr=3.13e-05  (0.4s)
2026-03-04 10:50:07,792 peacock_asr.gopt_model INFO     Epoch 40/100  loss=0.0731 (mse=0.0731 oe=0.0000 clap=0.0000)  lr=3.13e-05
2026-03-04 10:50:16,122 track09 INFO     Epoch 60/100  loss=0.0708  lr=1.95e-06  (0.4s)
2026-03-04 10:50:16,122 peacock_asr.gopt_model INFO     Epoch 60/100  loss=0.0708 (mse=0.0708 oe=0.0000 clap=0.0000)  lr=1.95e-06
2026-03-04 10:50:25,134 track09 INFO     Epoch 80/100  loss=0.0706  lr=1.22e-07  (0.4s)
2026-03-04 10:50:25,135 peacock_asr.gopt_model INFO     Epoch 80/100  loss=0.0706 (mse=0.0706 oe=0.0000 clap=0.0000)  lr=1.22e-07
2026-03-04 10:50:33,948 track09 INFO     Epoch 100/100  loss=0.0709  lr=1.53e-08  (0.4s)
2026-03-04 10:50:33,949 peacock_asr.gopt_model INFO     Epoch 100/100  loss=0.0709 (mse=0.0709 oe=0.0000 clap=0.0000)  lr=1.53e-08
2026-03-04 10:50:34,616 track09 INFO     Done. PCC=0.6228  MSE=0.0844  n_phones=47369
wandb: updating run metadata
wandb: uploading config.yaml
wandb: 
wandb: Run history:
wandb:           epoch ▁▁▁▂▂▂▂▃▃▃▃▄▄▄▄▄▄▄▄▅▅▅▅▅▅▅▆▆▆▆▆▇▇▇▇▇▇▇▇█
wandb:  epoch_time_sec █▁▂▅▃▂▂▂▃▂▃▃▃▃▃▃▂▃▁▁▁▂▁▂▂▄▂▂▁▃▃▂▂▄▃▃▂▂▁▃
wandb:  final/n_phones ▁
wandb:   final/phn_mse ▁
wandb:   final/phn_pcc ▁
wandb:              lr ██████████▄▃▃▂▁▁▁▁▁▁▁▁▁▁▁▁▁▁▁▁▁▁▁▁▁▁▁▁▁▁
wandb:      train/loss █▆▆▅▅▅▅▅▄▄▃▂▂▂▂▂▁▁▁▁▁▁▁▁▁▁▁▁▁▁▁▁▁▁▁▁▁▁▁▁
wandb: train/loss_clap ▁▁▁▁▁▁▁▁▁▁▁▁▁▁▁▁▁▁▁▁▁▁▁▁▁▁▁▁▁▁▁▁▁▁▁▁▁▁▁▁
wandb:  train/loss_mse █▇▇▆▆▆▅▄▃▃▂▂▂▂▂▂▁▁▁▁▁▁▁▁▁▁▁▁▁▁▁▁▁▁▁▁▁▁▁▁
wandb:   train/loss_oe ▁▁▁▁▁▁▁▁▁▁▁▁▁▁▁▁▁▁▁▁▁▁▁▁▁▁▁▁▁▁▁▁▁▁▁▁▁▁▁▁
wandb: 
wandb: Run summary:
wandb:           epoch 100
wandb:  epoch_time_sec 0.43446
wandb:  final/n_phones 47369
wandb:   final/phn_mse 0.08439
wandb:   final/phn_pcc 0.62283
wandb:              lr 0.0
wandb:         phn_mse 0.08439
wandb:         phn_pcc 0.62283
wandb:      train/loss 0.07089
wandb: train/loss_clap 0
wandb:              +2 ...
wandb: 
wandb: 🚀 View run track09-p1a-seed44 at: https://wandb.ai/peacockery/peacock-asr-runs/runs/tf6985u5
wandb: ⭐️ View project at: https://wandb.ai/peacockery/peacock-asr-runs
wandb: Synced 5 W&B file(s), 0 media file(s), 0 artifact file(s) and 0 other file(s)
wandb: Find logs at: ./wandb/run-20260304_104946-tf6985u5/logs
2026-03-04 10:50:40,804 - wandb.wandb_agent - INFO - Cleaning up finished run: tf6985u5
2026-03-04 10:50:41,321 - wandb.wandb_agent - INFO - Agent received command: run
2026-03-04 10:50:41,322 - wandb.wandb_agent - INFO - Agent starting run with config:
	ablation: p1a
	batch-size: 25
	depth: 3
	embed-dim: 24
	lambda-clap-t2a: 0.5
	lambda-d: 0.5
	lambda-t: 0.1
	lr: 0.001
	margin: 1
	n-epochs: 100
	num-heads: 1
	seed: 55
	tag: track09-p1
	w-clap: 1
	w-mse: 1
	w-oe: 1
	wandb-project: peacock-asr
2026-03-04 10:50:41,325 - wandb.wandb_agent - INFO - About to run command: /usr/bin/env uv run runs/track09_conpco_ablation.py --ablation=p1a --batch-size=25 --depth=3 --embed-dim=24 --lambda-clap-t2a=0.5 --lambda-d=0.5 --lambda-t=0.1 --lr=0.001 --margin=1 --n-epochs=100 --num-heads=1 --seed=55 --tag=track09-p1 --w-clap=1 --w-mse=1 --w-oe=1 --wandb-project=peacock-asr
2026-03-04 10:50:42,095 track09 INFO     Ablation: p1a (MSE-only), seed=55
2026-03-04 10:50:42,136 track09 INFO     Found cached features (old format) at /home/simon/github/peacock-asr/.cache/features/original__checkpoint-8000_
2026-03-04 10:50:42,926 track09 INFO     Loaded 2500 train, 2500 test utterances (feat_dim=42)
2026-03-04 10:50:42,927 track09 INFO     Device: cuda
wandb: [wandb.login()] Loaded credentials for https://api.wandb.ai from /home/simon/.netrc.
wandb: Currently logged in as: cheez2012 (peacockery) to https://api.wandb.ai. Use `wandb login --relogin` to force relogin
wandb: WARNING Ignoring project 'peacock-asr' when running a sweep.
wandb: setting up run 48cpmxtb
wandb: Tracking run with wandb version 0.25.0
wandb: Run data is saved locally in /home/simon/github/peacock-asr/wandb/run-20260304_105043-48cpmxtb
wandb: Run `wandb offline` to turn off syncing.
wandb: Syncing run track09-p1a-seed55
wandb: ⭐️ View project at https://wandb.ai/peacockery/peacock-asr-runs
wandb: 🧹 View sweep at https://wandb.ai/peacockery/peacock-asr-runs/sweeps/p38g7dnj
wandb: 🚀 View run at https://wandb.ai/peacockery/peacock-asr-runs/runs/48cpmxtb
2026-03-04 10:50:44,325 peacock_asr.gopt_model INFO     Norm stats: mean=8.822, std=6.996
2026-03-04 10:50:44,961 peacock_asr.gopt_model INFO     GOPT: 24745 params, embed=24, heads=1, depth=3, conpco=False
2026-03-04 10:50:46,316 track09 INFO     Epoch 1/100  loss=0.5532  lr=1.00e-03  (0.8s)
2026-03-04 10:50:46,316 peacock_asr.gopt_model INFO     Epoch 1/100  loss=0.5532 (mse=0.5532 oe=0.0000 clap=0.0000)  lr=1.00e-03
2026-03-04 10:50:46,351 - wandb.wandb_agent - INFO - Running runs: ['48cpmxtb']
2026-03-04 10:50:54,938 track09 INFO     Epoch 20/100  loss=0.0948  lr=5.00e-04  (0.5s)
2026-03-04 10:50:54,938 peacock_asr.gopt_model INFO     Epoch 20/100  loss=0.0948 (mse=0.0948 oe=0.0000 clap=0.0000)  lr=5.00e-04
2026-03-04 10:51:03,961 track09 INFO     Epoch 40/100  loss=0.0831  lr=3.13e-05  (0.6s)
2026-03-04 10:51:03,961 peacock_asr.gopt_model INFO     Epoch 40/100  loss=0.0831 (mse=0.0831 oe=0.0000 clap=0.0000)  lr=3.13e-05
2026-03-04 10:51:12,745 track09 INFO     Epoch 60/100  loss=0.0807  lr=1.95e-06  (0.4s)
2026-03-04 10:51:12,745 peacock_asr.gopt_model INFO     Epoch 60/100  loss=0.0807 (mse=0.0807 oe=0.0000 clap=0.0000)  lr=1.95e-06
2026-03-04 10:51:21,430 track09 INFO     Epoch 80/100  loss=0.0805  lr=1.22e-07  (0.4s)
2026-03-04 10:51:21,430 peacock_asr.gopt_model INFO     Epoch 80/100  loss=0.0805 (mse=0.0805 oe=0.0000 clap=0.0000)  lr=1.22e-07
2026-03-04 10:51:29,854 track09 INFO     Epoch 100/100  loss=0.0803  lr=1.53e-08  (0.4s)
2026-03-04 10:51:29,854 peacock_asr.gopt_model INFO     Epoch 100/100  loss=0.0803 (mse=0.0803 oe=0.0000 clap=0.0000)  lr=1.53e-08
2026-03-04 10:51:30,540 track09 INFO     Done. PCC=0.6391  MSE=0.0810  n_phones=47369
wandb: updating run metadata
wandb: uploading output.log; uploading wandb-summary.json; uploading config.yaml
wandb: uploading history steps 98-100, summary, console lines 12-14
wandb: 
wandb: Run history:
wandb:           epoch ▁▁▁▁▁▂▂▂▂▂▃▃▃▃▃▃▄▄▄▄▄▅▅▅▅▅▆▆▆▆▆▆▇▇▇▇▇▇██
wandb:  epoch_time_sec █▃▄▂▁▃▂▂▂▄▂▂▂▂▂▄▁▁▂▂▂▂▁▂▁▁▁▃▁▁▄▃▁▁▂▂▃▂▂▁
wandb:  final/n_phones ▁
wandb:   final/phn_mse ▁
wandb:   final/phn_pcc ▁
wandb:              lr █████████▄▄▄▃▃▃▂▁▁▁▁▁▁▁▁▁▁▁▁▁▁▁▁▁▁▁▁▁▁▁▁
wandb:      train/loss █▁▁▁▁▁▁▁▁▁▁▁▁▁▁▁▁▁▁▁▁▁▁▁▁▁▁▁▁▁▁▁▁▁▁▁▁▁▁▁
wandb: train/loss_clap ▁▁▁▁▁▁▁▁▁▁▁▁▁▁▁▁▁▁▁▁▁▁▁▁▁▁▁▁▁▁▁▁▁▁▁▁▁▁▁▁
wandb:  train/loss_mse █▇▇▆▆▅▄▄▅▅▃▃▃▃▂▂▂▂▁▁▁▁▁▁▁▁▁▁▁▁▁▁▁▁▁▁▁▁▁▁
wandb:   train/loss_oe ▁▁▁▁▁▁▁▁▁▁▁▁▁▁▁▁▁▁▁▁▁▁▁▁▁▁▁▁▁▁▁▁▁▁▁▁▁▁▁▁
wandb: 
wandb: Run summary:
wandb:           epoch 100
wandb:  epoch_time_sec 0.40389
wandb:  final/n_phones 47369
wandb:   final/phn_mse 0.08095
wandb:   final/phn_pcc 0.63909
wandb:              lr 0.0
wandb:         phn_mse 0.08095
wandb:         phn_pcc 0.63909
wandb:      train/loss 0.08027
wandb: train/loss_clap 0
wandb:              +2 ...
wandb: 
wandb: 🚀 View run track09-p1a-seed55 at: https://wandb.ai/peacockery/peacock-asr-runs/runs/48cpmxtb
wandb: ⭐️ View project at: https://wandb.ai/peacockery/peacock-asr-runs
wandb: Synced 5 W&B file(s), 0 media file(s), 0 artifact file(s) and 0 other file(s)
wandb: Find logs at: ./wandb/run-20260304_105043-48cpmxtb/logs
2026-03-04 10:51:34,055 - wandb.wandb_agent - INFO - Cleaning up finished run: 48cpmxtb
2026-03-04 10:51:35,154 - wandb.wandb_agent - INFO - Agent received command: run
2026-03-04 10:51:35,154 - wandb.wandb_agent - INFO - Agent starting run with config:
	ablation: p1a
	batch-size: 25
	depth: 3
	embed-dim: 24
	lambda-clap-t2a: 0.5
	lambda-d: 0.5
	lambda-t: 0.1
	lr: 0.001
	margin: 1
	n-epochs: 100
	num-heads: 1
	seed: 66
	tag: track09-p1
	w-clap: 1
	w-mse: 1
	w-oe: 1
	wandb-project: peacock-asr
2026-03-04 10:51:35,156 - wandb.wandb_agent - INFO - About to run command: /usr/bin/env uv run runs/track09_conpco_ablation.py --ablation=p1a --batch-size=25 --depth=3 --embed-dim=24 --lambda-clap-t2a=0.5 --lambda-d=0.5 --lambda-t=0.1 --lr=0.001 --margin=1 --n-epochs=100 --num-heads=1 --seed=66 --tag=track09-p1 --w-clap=1 --w-mse=1 --w-oe=1 --wandb-project=peacock-asr
2026-03-04 10:51:35,954 track09 INFO     Ablation: p1a (MSE-only), seed=66
2026-03-04 10:51:35,999 track09 INFO     Found cached features (old format) at /home/simon/github/peacock-asr/.cache/features/original__checkpoint-8000_
2026-03-04 10:51:36,775 track09 INFO     Loaded 2500 train, 2500 test utterances (feat_dim=42)
2026-03-04 10:51:36,777 track09 INFO     Device: cuda
wandb: [wandb.login()] Loaded credentials for https://api.wandb.ai from /home/simon/.netrc.
wandb: Currently logged in as: cheez2012 (peacockery) to https://api.wandb.ai. Use `wandb login --relogin` to force relogin
wandb: WARNING Ignoring project 'peacock-asr' when running a sweep.
wandb: setting up run 7zr1wlrz
wandb: Tracking run with wandb version 0.25.0
wandb: Run data is saved locally in /home/simon/github/peacock-asr/wandb/run-20260304_105137-7zr1wlrz
wandb: Run `wandb offline` to turn off syncing.
wandb: Syncing run track09-p1a-seed66
wandb: ⭐️ View project at https://wandb.ai/peacockery/peacock-asr-runs
wandb: 🧹 View sweep at https://wandb.ai/peacockery/peacock-asr-runs/sweeps/p38g7dnj
wandb: 🚀 View run at https://wandb.ai/peacockery/peacock-asr-runs/runs/7zr1wlrz
2026-03-04 10:51:38,246 peacock_asr.gopt_model INFO     Norm stats: mean=8.822, std=6.996
2026-03-04 10:51:38,814 peacock_asr.gopt_model INFO     GOPT: 24745 params, embed=24, heads=1, depth=3, conpco=False
2026-03-04 10:51:40,027 track09 INFO     Epoch 1/100  loss=0.5601  lr=1.00e-03  (0.7s)
2026-03-04 10:51:40,027 peacock_asr.gopt_model INFO     Epoch 1/100  loss=0.5601 (mse=0.5601 oe=0.0000 clap=0.0000)  lr=1.00e-03
2026-03-04 10:51:40,182 - wandb.wandb_agent - INFO - Running runs: ['7zr1wlrz']
2026-03-04 10:51:48,423 track09 INFO     Epoch 20/100  loss=0.0899  lr=5.00e-04  (0.6s)
2026-03-04 10:51:48,424 peacock_asr.gopt_model INFO     Epoch 20/100  loss=0.0899 (mse=0.0899 oe=0.0000 clap=0.0000)  lr=5.00e-04
2026-03-04 10:51:57,526 track09 INFO     Epoch 40/100  loss=0.0764  lr=3.13e-05  (0.5s)
2026-03-04 10:51:57,526 peacock_asr.gopt_model INFO     Epoch 40/100  loss=0.0764 (mse=0.0764 oe=0.0000 clap=0.0000)  lr=3.13e-05
2026-03-04 10:52:06,492 track09 INFO     Epoch 60/100  loss=0.0748  lr=1.95e-06  (0.4s)
2026-03-04 10:52:06,492 peacock_asr.gopt_model INFO     Epoch 60/100  loss=0.0748 (mse=0.0748 oe=0.0000 clap=0.0000)  lr=1.95e-06
2026-03-04 10:52:15,263 track09 INFO     Epoch 80/100  loss=0.0749  lr=1.22e-07  (0.5s)
2026-03-04 10:52:15,263 peacock_asr.gopt_model INFO     Epoch 80/100  loss=0.0749 (mse=0.0749 oe=0.0000 clap=0.0000)  lr=1.22e-07
2026-03-04 10:52:24,105 track09 INFO     Epoch 100/100  loss=0.0747  lr=1.53e-08  (0.4s)
2026-03-04 10:52:24,106 peacock_asr.gopt_model INFO     Epoch 100/100  loss=0.0747 (mse=0.0747 oe=0.0000 clap=0.0000)  lr=1.53e-08
2026-03-04 10:52:24,803 track09 INFO     Done. PCC=0.6503  MSE=0.0792  n_phones=47369
wandb: updating run metadata
wandb: uploading config.yaml; uploading output.log
wandb: 
wandb: Run history:
wandb:           epoch ▁▁▁▁▁▂▂▂▂▃▃▃▃▃▃▄▄▄▄▄▅▅▅▅▅▅▆▆▆▆▆▆▆▇▇█████
wandb:  epoch_time_sec ▇▄▂▂▁▁▁▂▅█▁▃▂▂▂▃▂▃▁▂▃▂▃▃▂▃▂▃▂▁▂▁▂▃▁▃▂▂▃▃
wandb:  final/n_phones ▁
wandb:   final/phn_mse ▁
wandb:   final/phn_pcc ▁
wandb:              lr █████████▄▄▃▃▃▃▁▁▁▁▁▁▁▁▁▁▁▁▁▁▁▁▁▁▁▁▁▁▁▁▁
wandb:      train/loss █▂▂▁▁▁▁▁▁▁▁▁▁▁▁▁▁▁▁▁▁▁▁▁▁▁▁▁▁▁▁▁▁▁▁▁▁▁▁▁
wandb: train/loss_clap ▁▁▁▁▁▁▁▁▁▁▁▁▁▁▁▁▁▁▁▁▁▁▁▁▁▁▁▁▁▁▁▁▁▁▁▁▁▁▁▁
wandb:  train/loss_mse █▇▇▇▅▅▅▅▄▄▃▂▂▂▂▁▁▁▁▁▁▁▁▁▁▁▁▁▁▁▁▁▁▁▁▁▁▁▁▁
wandb:   train/loss_oe ▁▁▁▁▁▁▁▁▁▁▁▁▁▁▁▁▁▁▁▁▁▁▁▁▁▁▁▁▁▁▁▁▁▁▁▁▁▁▁▁
wandb: 
wandb: Run summary:
wandb:           epoch 100
wandb:  epoch_time_sec 0.4225
wandb:  final/n_phones 47369
wandb:   final/phn_mse 0.07922
wandb:   final/phn_pcc 0.65028
wandb:              lr 0.0
wandb:         phn_mse 0.07922
wandb:         phn_pcc 0.65028
wandb:      train/loss 0.07473
wandb: train/loss_clap 0
wandb:              +2 ...
wandb: 
wandb: 🚀 View run track09-p1a-seed66 at: https://wandb.ai/peacockery/peacock-asr-runs/runs/7zr1wlrz
wandb: ⭐️ View project at: https://wandb.ai/peacockery/peacock-asr-runs
wandb: Synced 5 W&B file(s), 0 media file(s), 0 artifact file(s) and 0 other file(s)
wandb: Find logs at: ./wandb/run-20260304_105137-7zr1wlrz/logs
2026-03-04 10:52:31,674 - wandb.wandb_agent - INFO - Cleaning up finished run: 7zr1wlrz
2026-03-04 10:52:32,544 - wandb.wandb_agent - INFO - Agent received command: run
2026-03-04 10:52:32,544 - wandb.wandb_agent - INFO - Agent starting run with config:
	ablation: p1b
	batch-size: 25
	depth: 3
	embed-dim: 24
	lambda-clap-t2a: 0.5
	lambda-d: 0.5
	lambda-t: 0.1
	lr: 0.001
	margin: 1
	n-epochs: 100
	num-heads: 1
	seed: 22
	tag: track09-p1
	w-clap: 1
	w-mse: 1
	w-oe: 1
	wandb-project: peacock-asr
2026-03-04 10:52:32,545 - wandb.wandb_agent - INFO - About to run command: /usr/bin/env uv run runs/track09_conpco_ablation.py --ablation=p1b --batch-size=25 --depth=3 --embed-dim=24 --lambda-clap-t2a=0.5 --lambda-d=0.5 --lambda-t=0.1 --lr=0.001 --margin=1 --n-epochs=100 --num-heads=1 --seed=22 --tag=track09-p1 --w-clap=1 --w-mse=1 --w-oe=1 --wandb-project=peacock-asr
2026-03-04 10:52:33,291 track09 INFO     Ablation: p1b (MSE+OE), seed=22
2026-03-04 10:52:33,334 track09 INFO     Found cached features (old format) at /home/simon/github/peacock-asr/.cache/features/original__checkpoint-8000_
2026-03-04 10:52:34,142 track09 INFO     Loaded 2500 train, 2500 test utterances (feat_dim=42)
2026-03-04 10:52:34,144 track09 INFO     Device: cuda
wandb: [wandb.login()] Loaded credentials for https://api.wandb.ai from /home/simon/.netrc.
wandb: Currently logged in as: cheez2012 (peacockery) to https://api.wandb.ai. Use `wandb login --relogin` to force relogin
wandb: WARNING Ignoring project 'peacock-asr' when running a sweep.
wandb: setting up run 0fy3xjjn
wandb: Tracking run with wandb version 0.25.0
wandb: Run data is saved locally in /home/simon/github/peacock-asr/wandb/run-20260304_105234-0fy3xjjn
wandb: Run `wandb offline` to turn off syncing.
wandb: Syncing run track09-p1b-seed22
wandb: ⭐️ View project at https://wandb.ai/peacockery/peacock-asr-runs
wandb: 🧹 View sweep at https://wandb.ai/peacockery/peacock-asr-runs/sweeps/p38g7dnj
wandb: 🚀 View run at https://wandb.ai/peacockery/peacock-asr-runs/runs/0fy3xjjn
2026-03-04 10:52:35,967 peacock_asr.gopt_model INFO     Norm stats: mean=8.822, std=6.996
2026-03-04 10:52:36,638 peacock_asr.gopt_model INFO     GOPT: 27145 params, embed=24, heads=1, depth=3, conpco=True
2026-03-04 10:52:37,571 - wandb.wandb_agent - INFO - Running runs: ['0fy3xjjn']
2026-03-04 10:52:38,571 track09 INFO     Epoch 1/100  loss=0.7626  lr=1.00e-03  (1.4s)
2026-03-04 10:52:38,571 peacock_asr.gopt_model INFO     Epoch 1/100  loss=0.7626 (mse=1.1453 oe=-0.3827 clap=0.0000)  lr=1.00e-03
2026-03-04 10:52:53,023 track09 INFO     Epoch 20/100  loss=-0.5681  lr=5.00e-04  (0.8s)
2026-03-04 10:52:53,023 peacock_asr.gopt_model INFO     Epoch 20/100  loss=-0.5681 (mse=0.0963 oe=-0.6643 clap=0.0000)  lr=5.00e-04
2026-03-04 10:53:08,734 track09 INFO     Epoch 40/100  loss=-0.5870  lr=3.13e-05  (0.7s)
2026-03-04 10:53:08,734 peacock_asr.gopt_model INFO     Epoch 40/100  loss=-0.5870 (mse=0.0816 oe=-0.6686 clap=0.0000)  lr=3.13e-05
2026-03-04 10:53:25,011 track09 INFO     Epoch 60/100  loss=-0.5880  lr=1.95e-06  (0.7s)
2026-03-04 10:53:25,011 peacock_asr.gopt_model INFO     Epoch 60/100  loss=-0.5880 (mse=0.0808 oe=-0.6688 clap=0.0000)  lr=1.95e-06
2026-03-04 10:53:39,948 track09 INFO     Epoch 80/100  loss=-0.5883  lr=1.22e-07  (0.7s)
2026-03-04 10:53:39,948 peacock_asr.gopt_model INFO     Epoch 80/100  loss=-0.5883 (mse=0.0807 oe=-0.6690 clap=0.0000)  lr=1.22e-07
2026-03-04 10:53:54,945 track09 INFO     Epoch 100/100  loss=-0.5882  lr=1.53e-08  (0.8s)
2026-03-04 10:53:54,945 peacock_asr.gopt_model INFO     Epoch 100/100  loss=-0.5882 (mse=0.0807 oe=-0.6690 clap=0.0000)  lr=1.53e-08
2026-03-04 10:53:55,642 track09 INFO     Done. PCC=0.6427  MSE=0.0805  n_phones=47369
wandb: updating run metadata
wandb: uploading output.log; uploading config.yaml
wandb: 
wandb: Run history:
wandb:           epoch ▁▁▁▂▂▂▂▂▂▂▂▂▃▃▃▄▄▄▄▄▅▅▅▅▅▅▅▆▆▆▆▆▇▇▇▇████
wandb:  epoch_time_sec ▄▄▅▄▅▄▆▅█▂▇▆▃▅▄▆▆▅▇▃▃▃▂▁▄▄▄▃▁▃▃▃▄▂▅▁█▁▆▆
wandb:  final/n_phones ▁
wandb:   final/phn_mse ▁
wandb:   final/phn_pcc ▁
wandb:              lr ███████▄▄▃▃▂▂▂▁▁▁▁▁▁▁▁▁▁▁▁▁▁▁▁▁▁▁▁▁▁▁▁▁▁
wandb:      train/loss █▆▄▃▃▂▂▂▂▂▂▁▁▁▁▁▁▁▁▁▁▁▁▁▁▁▁▁▁▁▁▁▁▁▁▁▁▁▁▁
wandb: train/loss_clap ▁▁▁▁▁▁▁▁▁▁▁▁▁▁▁▁▁▁▁▁▁▁▁▁▁▁▁▁▁▁▁▁▁▁▁▁▁▁▁▁
wandb:  train/loss_mse █▁▁▁▁▁▁▁▁▁▁▁▁▁▁▁▁▁▁▁▁▁▁▁▁▁▁▁▁▁▁▁▁▁▁▁▁▁▁▁
wandb:   train/loss_oe █▆▅▃▃▂▂▂▂▁▁▁▁▁▁▁▁▁▁▁▁▁▁▁▁▁▁▁▁▁▁▁▁▁▁▁▁▁▁▁
wandb: 
wandb: Run summary:
wandb:           epoch 100
wandb:  epoch_time_sec 0.82041
wandb:  final/n_phones 47369
wandb:   final/phn_mse 0.08052
wandb:   final/phn_pcc 0.64266
wandb:              lr 0.0
wandb:         phn_mse 0.08052
wandb:         phn_pcc 0.64266
wandb:      train/loss -0.58824
wandb: train/loss_clap 0
wandb:              +2 ...
wandb: 
wandb: 🚀 View run track09-p1b-seed22 at: https://wandb.ai/peacockery/peacock-asr-runs/runs/0fy3xjjn
wandb: ⭐️ View project at: https://wandb.ai/peacockery/peacock-asr-runs
wandb: Synced 5 W&B file(s), 0 media file(s), 0 artifact file(s) and 0 other file(s)
wandb: Find logs at: ./wandb/run-20260304_105234-0fy3xjjn/logs
2026-03-04 10:53:59,922 - wandb.wandb_agent - INFO - Cleaning up finished run: 0fy3xjjn
2026-03-04 10:54:00,546 - wandb.wandb_agent - INFO - Agent received command: run
2026-03-04 10:54:00,547 - wandb.wandb_agent - INFO - Agent starting run with config:
	ablation: p1b
	batch-size: 25
	depth: 3
	embed-dim: 24
	lambda-clap-t2a: 0.5
	lambda-d: 0.5
	lambda-t: 0.1
	lr: 0.001
	margin: 1
	n-epochs: 100
	num-heads: 1
	seed: 33
	tag: track09-p1
	w-clap: 1
	w-mse: 1
	w-oe: 1
	wandb-project: peacock-asr
2026-03-04 10:54:00,550 - wandb.wandb_agent - INFO - About to run command: /usr/bin/env uv run runs/track09_conpco_ablation.py --ablation=p1b --batch-size=25 --depth=3 --embed-dim=24 --lambda-clap-t2a=0.5 --lambda-d=0.5 --lambda-t=0.1 --lr=0.001 --margin=1 --n-epochs=100 --num-heads=1 --seed=33 --tag=track09-p1 --w-clap=1 --w-mse=1 --w-oe=1 --wandb-project=peacock-asr
2026-03-04 10:54:01,289 track09 INFO     Ablation: p1b (MSE+OE), seed=33
2026-03-04 10:54:01,331 track09 INFO     Found cached features (old format) at /home/simon/github/peacock-asr/.cache/features/original__checkpoint-8000_
2026-03-04 10:54:02,145 track09 INFO     Loaded 2500 train, 2500 test utterances (feat_dim=42)
2026-03-04 10:54:02,146 track09 INFO     Device: cuda
wandb: [wandb.login()] Loaded credentials for https://api.wandb.ai from /home/simon/.netrc.
wandb: Currently logged in as: cheez2012 (peacockery) to https://api.wandb.ai. Use `wandb login --relogin` to force relogin
wandb: WARNING Ignoring project 'peacock-asr' when running a sweep.
wandb: setting up run lsgu29qe
wandb: Tracking run with wandb version 0.25.0
wandb: Run data is saved locally in /home/simon/github/peacock-asr/wandb/run-20260304_105402-lsgu29qe
wandb: Run `wandb offline` to turn off syncing.
wandb: Syncing run track09-p1b-seed33
wandb: ⭐️ View project at https://wandb.ai/peacockery/peacock-asr-runs
wandb: 🧹 View sweep at https://wandb.ai/peacockery/peacock-asr-runs/sweeps/p38g7dnj
wandb: 🚀 View run at https://wandb.ai/peacockery/peacock-asr-runs/runs/lsgu29qe
2026-03-04 10:54:03,631 peacock_asr.gopt_model INFO     Norm stats: mean=8.822, std=6.996
2026-03-04 10:54:04,303 peacock_asr.gopt_model INFO     GOPT: 27145 params, embed=24, heads=1, depth=3, conpco=True
2026-03-04 10:54:05,577 - wandb.wandb_agent - INFO - Running runs: ['lsgu29qe']
2026-03-04 10:54:06,140 track09 INFO     Epoch 1/100  loss=0.3616  lr=1.00e-03  (1.3s)
2026-03-04 10:54:06,141 peacock_asr.gopt_model INFO     Epoch 1/100  loss=0.3616 (mse=0.7305 oe=-0.3688 clap=0.0000)  lr=1.00e-03
2026-03-04 10:54:20,444 track09 INFO     Epoch 20/100  loss=-0.5749  lr=5.00e-04  (0.7s)
2026-03-04 10:54:20,444 peacock_asr.gopt_model INFO     Epoch 20/100  loss=-0.5749 (mse=0.0897 oe=-0.6645 clap=0.0000)  lr=5.00e-04
2026-03-04 10:54:36,555 track09 INFO     Epoch 40/100  loss=-0.5934  lr=3.13e-05  (0.7s)
2026-03-04 10:54:36,556 peacock_asr.gopt_model INFO     Epoch 40/100  loss=-0.5934 (mse=0.0744 oe=-0.6679 clap=0.0000)  lr=3.13e-05
2026-03-04 10:54:52,858 track09 INFO     Epoch 60/100  loss=-0.5951  lr=1.95e-06  (0.8s)
2026-03-04 10:54:52,858 peacock_asr.gopt_model INFO     Epoch 60/100  loss=-0.5951 (mse=0.0730 oe=-0.6682 clap=0.0000)  lr=1.95e-06
2026-03-04 10:55:09,638 track09 INFO     Epoch 80/100  loss=-0.5955  lr=1.22e-07  (0.8s)
2026-03-04 10:55:09,638 peacock_asr.gopt_model INFO     Epoch 80/100  loss=-0.5955 (mse=0.0728 oe=-0.6683 clap=0.0000)  lr=1.22e-07
2026-03-04 10:55:25,522 track09 INFO     Epoch 100/100  loss=-0.5955  lr=1.53e-08  (0.8s)
2026-03-04 10:55:25,523 peacock_asr.gopt_model INFO     Epoch 100/100  loss=-0.5955 (mse=0.0727 oe=-0.6682 clap=0.0000)  lr=1.53e-08
2026-03-04 10:55:26,228 track09 INFO     Done. PCC=0.6501  MSE=0.0795  n_phones=47369
wandb: updating run metadata
wandb: uploading output.log; uploading wandb-summary.json; uploading config.yaml
wandb: 
wandb: Run history:
wandb:           epoch ▁▁▁▂▂▂▂▂▂▃▃▃▃▃▃▃▄▄▄▄▄▄▄▄▅▅▅▅▅▅▆▆▆▆▇▇▇███
wandb:  epoch_time_sec ▂▁▂▃▂▅▃▇▇▆▂▁▅▃▃▄▁▃▃▄▅▅▃▆▆▆█▄▄▄▆▃▄▆▅▃▃▃▄▅
wandb:  final/n_phones ▁
wandb:   final/phn_mse ▁
wandb:   final/phn_pcc ▁
wandb:              lr ███████▄▄▃▂▂▁▁▁▁▁▁▁▁▁▁▁▁▁▁▁▁▁▁▁▁▁▁▁▁▁▁▁▁
wandb:      train/loss █▆▄▃▃▂▂▂▁▁▁▁▁▁▁▁▁▁▁▁▁▁▁▁▁▁▁▁▁▁▁▁▁▁▁▁▁▁▁▁
wandb: train/loss_clap ▁▁▁▁▁▁▁▁▁▁▁▁▁▁▁▁▁▁▁▁▁▁▁▁▁▁▁▁▁▁▁▁▁▁▁▁▁▁▁▁
wandb:  train/loss_mse █▁▁▁▁▁▁▁▁▁▁▁▁▁▁▁▁▁▁▁▁▁▁▁▁▁▁▁▁▁▁▁▁▁▁▁▁▁▁▁
wandb:   train/loss_oe █▄▃▃▃▂▂▂▂▁▁▁▁▁▁▁▁▁▁▁▁▁▁▁▁▁▁▁▁▁▁▁▁▁▁▁▁▁▁▁
wandb: 
wandb: Run summary:
wandb:           epoch 100
wandb:  epoch_time_sec 0.78694
wandb:  final/n_phones 47369
wandb:   final/phn_mse 0.07955
wandb:   final/phn_pcc 0.65005
wandb:              lr 0.0
wandb:         phn_mse 0.07955
wandb:         phn_pcc 0.65005
wandb:      train/loss -0.59553
wandb: train/loss_clap 0
wandb:              +2 ...
wandb: 
wandb: 🚀 View run track09-p1b-seed33 at: https://wandb.ai/peacockery/peacock-asr-runs/runs/lsgu29qe
wandb: ⭐️ View project at: https://wandb.ai/peacockery/peacock-asr-runs
wandb: Synced 5 W&B file(s), 0 media file(s), 0 artifact file(s) and 0 other file(s)
wandb: Find logs at: ./wandb/run-20260304_105402-lsgu29qe/logs
2026-03-04 10:55:28,570 - wandb.wandb_agent - INFO - Cleaning up finished run: lsgu29qe
2026-03-04 10:55:31,835 - wandb.wandb_agent - INFO - Agent received command: run
2026-03-04 10:55:31,835 - wandb.wandb_agent - INFO - Agent starting run with config:
	ablation: p1b
	batch-size: 25
	depth: 3
	embed-dim: 24
	lambda-clap-t2a: 0.5
	lambda-d: 0.5
	lambda-t: 0.1
	lr: 0.001
	margin: 1
	n-epochs: 100
	num-heads: 1
	seed: 44
	tag: track09-p1
	w-clap: 1
	w-mse: 1
	w-oe: 1
	wandb-project: peacock-asr
2026-03-04 10:55:31,836 - wandb.wandb_agent - INFO - About to run command: /usr/bin/env uv run runs/track09_conpco_ablation.py --ablation=p1b --batch-size=25 --depth=3 --embed-dim=24 --lambda-clap-t2a=0.5 --lambda-d=0.5 --lambda-t=0.1 --lr=0.001 --margin=1 --n-epochs=100 --num-heads=1 --seed=44 --tag=track09-p1 --w-clap=1 --w-mse=1 --w-oe=1 --wandb-project=peacock-asr
2026-03-04 10:55:32,589 track09 INFO     Ablation: p1b (MSE+OE), seed=44
2026-03-04 10:55:32,630 track09 INFO     Found cached features (old format) at /home/simon/github/peacock-asr/.cache/features/original__checkpoint-8000_
2026-03-04 10:55:33,456 track09 INFO     Loaded 2500 train, 2500 test utterances (feat_dim=42)
2026-03-04 10:55:33,457 track09 INFO     Device: cuda
wandb: [wandb.login()] Loaded credentials for https://api.wandb.ai from /home/simon/.netrc.
wandb: Currently logged in as: cheez2012 (peacockery) to https://api.wandb.ai. Use `wandb login --relogin` to force relogin
wandb: WARNING Ignoring project 'peacock-asr' when running a sweep.
wandb: setting up run ly3hm1fl
wandb: Tracking run with wandb version 0.25.0
wandb: Run data is saved locally in /home/simon/github/peacock-asr/wandb/run-20260304_105533-ly3hm1fl
wandb: Run `wandb offline` to turn off syncing.
wandb: Syncing run track09-p1b-seed44
wandb: ⭐️ View project at https://wandb.ai/peacockery/peacock-asr-runs
wandb: 🧹 View sweep at https://wandb.ai/peacockery/peacock-asr-runs/sweeps/p38g7dnj
wandb: 🚀 View run at https://wandb.ai/peacockery/peacock-asr-runs/runs/ly3hm1fl
2026-03-04 10:55:34,886 peacock_asr.gopt_model INFO     Norm stats: mean=8.822, std=6.996
2026-03-04 10:55:35,472 peacock_asr.gopt_model INFO     GOPT: 27145 params, embed=24, heads=1, depth=3, conpco=True
2026-03-04 10:55:36,861 - wandb.wandb_agent - INFO - Running runs: ['ly3hm1fl']
2026-03-04 10:55:37,491 track09 INFO     Epoch 1/100  loss=0.2374  lr=1.00e-03  (1.5s)
2026-03-04 10:55:37,491 peacock_asr.gopt_model INFO     Epoch 1/100  loss=0.2374 (mse=0.5542 oe=-0.3168 clap=0.0000)  lr=1.00e-03
2026-03-04 10:55:53,010 track09 INFO     Epoch 20/100  loss=-0.5787  lr=5.00e-04  (0.8s)
2026-03-04 10:55:53,010 peacock_asr.gopt_model INFO     Epoch 20/100  loss=-0.5787 (mse=0.0841 oe=-0.6629 clap=0.0000)  lr=5.00e-04
2026-03-04 10:56:09,896 track09 INFO     Epoch 40/100  loss=-0.5974  lr=3.13e-05  (1.0s)
2026-03-04 10:56:09,896 peacock_asr.gopt_model INFO     Epoch 40/100  loss=-0.5974 (mse=0.0685 oe=-0.6659 clap=0.0000)  lr=3.13e-05
2026-03-04 10:56:26,815 track09 INFO     Epoch 60/100  loss=-0.5988  lr=1.95e-06  (0.8s)
2026-03-04 10:56:26,815 peacock_asr.gopt_model INFO     Epoch 60/100  loss=-0.5988 (mse=0.0673 oe=-0.6661 clap=0.0000)  lr=1.95e-06
2026-03-04 10:56:44,403 track09 INFO     Epoch 80/100  loss=-0.5989  lr=1.22e-07  (1.3s)
2026-03-04 10:56:44,403 peacock_asr.gopt_model INFO     Epoch 80/100  loss=-0.5989 (mse=0.0673 oe=-0.6662 clap=0.0000)  lr=1.22e-07
2026-03-04 10:57:01,334 track09 INFO     Epoch 100/100  loss=-0.5990  lr=1.53e-08  (0.8s)
2026-03-04 10:57:01,335 peacock_asr.gopt_model INFO     Epoch 100/100  loss=-0.5990 (mse=0.0671 oe=-0.6661 clap=0.0000)  lr=1.53e-08
2026-03-04 10:57:02,126 track09 INFO     Done. PCC=0.6409  MSE=0.0815  n_phones=47369
wandb: updating run metadata
wandb: uploading history steps 85-100, summary, console lines 12-14
wandb: 
wandb: Run history:
wandb:           epoch ▁▁▁▁▁▂▂▂▂▂▂▂▂▃▃▃▃▃▃▃▄▄▄▄▄▅▅▅▅▆▆▆▆▇▇▇▇▇██
wandb:  epoch_time_sec █▁▂▃▂▃▃▃▂▃▂▂▂▂▁▃▄▃▂▃▃▂▃▂▂▁▂▂▁▁▅▆▆▄▃▂▂▃▂▃
wandb:  final/n_phones ▁
wandb:   final/phn_mse ▁
wandb:   final/phn_pcc ▁
wandb:              lr ██████████▃▃▂▂▂▁▁▁▁▁▁▁▁▁▁▁▁▁▁▁▁▁▁▁▁▁▁▁▁▁
wandb:      train/loss █▇▆▆▆▅▅▄▄▄▃▃▃▃▃▂▂▂▁▁▁▁▁▁▁▁▁▁▁▁▁▁▁▁▁▁▁▁▁▁
wandb: train/loss_clap ▁▁▁▁▁▁▁▁▁▁▁▁▁▁▁▁▁▁▁▁▁▁▁▁▁▁▁▁▁▁▁▁▁▁▁▁▁▁▁▁
wandb:  train/loss_mse █▇▇▆▆▅▅▅▅▅▃▃▃▂▂▂▁▁▁▁▁▁▁▁▁▁▁▁▁▁▁▁▁▁▁▁▁▁▁▁
wandb:   train/loss_oe █▃▂▂▁▁▁▁▁▁▁▁▁▁▁▁▁▁▁▁▁▁▁▁▁▁▁▁▁▁▁▁▁▁▁▁▁▁▁▁
wandb: 
wandb: Run summary:
wandb:           epoch 100
wandb:  epoch_time_sec 0.80326
wandb:  final/n_phones 47369
wandb:   final/phn_mse 0.08146
wandb:   final/phn_pcc 0.64089
wandb:              lr 0.0
wandb:         phn_mse 0.08146
wandb:         phn_pcc 0.64089
wandb:      train/loss -0.59902
wandb: train/loss_clap 0
wandb:              +2 ...
wandb: 
wandb: 🚀 View run track09-p1b-seed44 at: https://wandb.ai/peacockery/peacock-asr-runs/runs/ly3hm1fl
wandb: ⭐️ View project at: https://wandb.ai/peacockery/peacock-asr-runs
wandb: Synced 5 W&B file(s), 0 media file(s), 0 artifact file(s) and 0 other file(s)
wandb: Find logs at: ./wandb/run-20260304_105533-ly3hm1fl/logs
2026-03-04 10:57:09,004 - wandb.wandb_agent - INFO - Cleaning up finished run: ly3hm1fl
2026-03-04 10:57:09,557 - wandb.wandb_agent - INFO - Agent received command: run
2026-03-04 10:57:09,557 - wandb.wandb_agent - INFO - Agent starting run with config:
	ablation: p1b
	batch-size: 25
	depth: 3
	embed-dim: 24
	lambda-clap-t2a: 0.5
	lambda-d: 0.5
	lambda-t: 0.1
	lr: 0.001
	margin: 1
	n-epochs: 100
	num-heads: 1
	seed: 55
	tag: track09-p1
	w-clap: 1
	w-mse: 1
	w-oe: 1
	wandb-project: peacock-asr
2026-03-04 10:57:09,558 - wandb.wandb_agent - INFO - About to run command: /usr/bin/env uv run runs/track09_conpco_ablation.py --ablation=p1b --batch-size=25 --depth=3 --embed-dim=24 --lambda-clap-t2a=0.5 --lambda-d=0.5 --lambda-t=0.1 --lr=0.001 --margin=1 --n-epochs=100 --num-heads=1 --seed=55 --tag=track09-p1 --w-clap=1 --w-mse=1 --w-oe=1 --wandb-project=peacock-asr
2026-03-04 10:57:10,352 track09 INFO     Ablation: p1b (MSE+OE), seed=55
2026-03-04 10:57:10,418 track09 INFO     Found cached features (old format) at /home/simon/github/peacock-asr/.cache/features/original__checkpoint-8000_
2026-03-04 10:57:11,222 track09 INFO     Loaded 2500 train, 2500 test utterances (feat_dim=42)
2026-03-04 10:57:11,224 track09 INFO     Device: cuda
wandb: [wandb.login()] Loaded credentials for https://api.wandb.ai from /home/simon/.netrc.
wandb: Currently logged in as: cheez2012 (peacockery) to https://api.wandb.ai. Use `wandb login --relogin` to force relogin
wandb: WARNING Ignoring project 'peacock-asr' when running a sweep.
wandb: setting up run scdenalf
wandb: Tracking run with wandb version 0.25.0
wandb: Run data is saved locally in /home/simon/github/peacock-asr/wandb/run-20260304_105711-scdenalf
wandb: Run `wandb offline` to turn off syncing.
wandb: Syncing run track09-p1b-seed55
wandb: ⭐️ View project at https://wandb.ai/peacockery/peacock-asr-runs
wandb: 🧹 View sweep at https://wandb.ai/peacockery/peacock-asr-runs/sweeps/p38g7dnj
wandb: 🚀 View run at https://wandb.ai/peacockery/peacock-asr-runs/runs/scdenalf
2026-03-04 10:57:12,830 peacock_asr.gopt_model INFO     Norm stats: mean=8.822, std=6.996
2026-03-04 10:57:13,480 peacock_asr.gopt_model INFO     GOPT: 27145 params, embed=24, heads=1, depth=3, conpco=True
2026-03-04 10:57:14,584 - wandb.wandb_agent - INFO - Running runs: ['scdenalf']
2026-03-04 10:57:15,290 track09 INFO     Epoch 1/100  loss=0.2353  lr=1.00e-03  (1.3s)
2026-03-04 10:57:15,291 peacock_asr.gopt_model INFO     Epoch 1/100  loss=0.2353 (mse=0.5461 oe=-0.3109 clap=0.0000)  lr=1.00e-03
2026-03-04 10:57:29,633 track09 INFO     Epoch 20/100  loss=-0.5742  lr=5.00e-04  (0.7s)
2026-03-04 10:57:29,634 peacock_asr.gopt_model INFO     Epoch 20/100  loss=-0.5742 (mse=0.0928 oe=-0.6670 clap=0.0000)  lr=5.00e-04
2026-03-04 10:57:44,986 track09 INFO     Epoch 40/100  loss=-0.5890  lr=3.13e-05  (0.7s)
2026-03-04 10:57:44,986 peacock_asr.gopt_model INFO     Epoch 40/100  loss=-0.5890 (mse=0.0813 oe=-0.6704 clap=0.0000)  lr=3.13e-05
2026-03-04 10:58:00,919 track09 INFO     Epoch 60/100  loss=-0.5914  lr=1.95e-06  (0.8s)
2026-03-04 10:58:00,919 peacock_asr.gopt_model INFO     Epoch 60/100  loss=-0.5914 (mse=0.0796 oe=-0.6710 clap=0.0000)  lr=1.95e-06
2026-03-04 10:58:16,531 track09 INFO     Epoch 80/100  loss=-0.5912  lr=1.22e-07  (0.7s)
2026-03-04 10:58:16,532 peacock_asr.gopt_model INFO     Epoch 80/100  loss=-0.5912 (mse=0.0797 oe=-0.6709 clap=0.0000)  lr=1.22e-07
2026-03-04 10:58:31,726 track09 INFO     Epoch 100/100  loss=-0.5912  lr=1.53e-08  (0.7s)
2026-03-04 10:58:31,726 peacock_asr.gopt_model INFO     Epoch 100/100  loss=-0.5912 (mse=0.0797 oe=-0.6709 clap=0.0000)  lr=1.53e-08
2026-03-04 10:58:32,450 track09 INFO     Done. PCC=0.6314  MSE=0.0824  n_phones=47369
wandb: updating run metadata
wandb: uploading output.log; uploading wandb-summary.json; uploading config.yaml
wandb: uploading history steps 94-100, summary, console lines 12-14
wandb: 
wandb: Run history:
wandb:           epoch ▁▁▁▁▁▂▂▂▂▂▃▃▃▃▃▃▃▄▄▄▄▅▅▅▅▅▅▅▆▆▇▇▇▇▇▇▇███
wandb:  epoch_time_sec ▄▂▄▆▆▄▆▄▁▃▄▇█▂▅▃▇▃▆▆▂▄▅▃▅▇▄▄▃▃▆▃▆▇▄▇▁█▃▂
wandb:  final/n_phones ▁
wandb:   final/phn_mse ▁
wandb:   final/phn_pcc ▁
wandb:              lr █████████▄▃▂▂▁▁▁▁▁▁▁▁▁▁▁▁▁▁▁▁▁▁▁▁▁▁▁▁▁▁▁
wandb:      train/loss █▅▄▄▄▄▄▃▂▂▂▂▂▂▂▁▁▁▁▁▁▁▁▁▁▁▁▁▁▁▁▁▁▁▁▁▁▁▁▁
wandb: train/loss_clap ▁▁▁▁▁▁▁▁▁▁▁▁▁▁▁▁▁▁▁▁▁▁▁▁▁▁▁▁▁▁▁▁▁▁▁▁▁▁▁▁
wandb:  train/loss_mse █▁▁▁▁▁▁▁▁▁▁▁▁▁▁▁▁▁▁▁▁▁▁▁▁▁▁▁▁▁▁▁▁▁▁▁▁▁▁▁
wandb:   train/loss_oe █▅▄▄▃▂▂▂▂▁▁▁▁▁▁▁▁▁▁▁▁▁▁▁▁▁▁▁▁▁▁▁▁▁▁▁▁▁▁▁
wandb: 
wandb: Run summary:
wandb:           epoch 100
wandb:  epoch_time_sec 0.67194
wandb:  final/n_phones 47369
wandb:   final/phn_mse 0.08238
wandb:   final/phn_pcc 0.63141
wandb:              lr 0.0
wandb:         phn_mse 0.08238
wandb:         phn_pcc 0.63141
wandb:      train/loss -0.59121
wandb: train/loss_clap 0
wandb:              +2 ...
wandb: 
wandb: 🚀 View run track09-p1b-seed55 at: https://wandb.ai/peacockery/peacock-asr-runs/runs/scdenalf
wandb: ⭐️ View project at: https://wandb.ai/peacockery/peacock-asr-runs
wandb: Synced 5 W&B file(s), 0 media file(s), 0 artifact file(s) and 0 other file(s)
wandb: Find logs at: ./wandb/run-20260304_105711-scdenalf/logs
2026-03-04 10:58:37,138 - wandb.wandb_agent - INFO - Cleaning up finished run: scdenalf
2026-03-04 10:58:37,720 - wandb.wandb_agent - INFO - Agent received command: run
2026-03-04 10:58:37,721 - wandb.wandb_agent - INFO - Agent starting run with config:
	ablation: p1b
	batch-size: 25
	depth: 3
	embed-dim: 24
	lambda-clap-t2a: 0.5
	lambda-d: 0.5
	lambda-t: 0.1
	lr: 0.001
	margin: 1
	n-epochs: 100
	num-heads: 1
	seed: 66
	tag: track09-p1
	w-clap: 1
	w-mse: 1
	w-oe: 1
	wandb-project: peacock-asr
2026-03-04 10:58:37,724 - wandb.wandb_agent - INFO - About to run command: /usr/bin/env uv run runs/track09_conpco_ablation.py --ablation=p1b --batch-size=25 --depth=3 --embed-dim=24 --lambda-clap-t2a=0.5 --lambda-d=0.5 --lambda-t=0.1 --lr=0.001 --margin=1 --n-epochs=100 --num-heads=1 --seed=66 --tag=track09-p1 --w-clap=1 --w-mse=1 --w-oe=1 --wandb-project=peacock-asr
2026-03-04 10:58:38,492 track09 INFO     Ablation: p1b (MSE+OE), seed=66
2026-03-04 10:58:38,534 track09 INFO     Found cached features (old format) at /home/simon/github/peacock-asr/.cache/features/original__checkpoint-8000_
2026-03-04 10:58:39,340 track09 INFO     Loaded 2500 train, 2500 test utterances (feat_dim=42)
2026-03-04 10:58:39,342 track09 INFO     Device: cuda
wandb: [wandb.login()] Loaded credentials for https://api.wandb.ai from /home/simon/.netrc.
wandb: Currently logged in as: cheez2012 (peacockery) to https://api.wandb.ai. Use `wandb login --relogin` to force relogin
wandb: WARNING Ignoring project 'peacock-asr' when running a sweep.
wandb: setting up run opwkj3v7
wandb: Tracking run with wandb version 0.25.0
wandb: Run data is saved locally in /home/simon/github/peacock-asr/wandb/run-20260304_105839-opwkj3v7
wandb: Run `wandb offline` to turn off syncing.
wandb: Syncing run track09-p1b-seed66
wandb: ⭐️ View project at https://wandb.ai/peacockery/peacock-asr-runs
wandb: 🧹 View sweep at https://wandb.ai/peacockery/peacock-asr-runs/sweeps/p38g7dnj
wandb: 🚀 View run at https://wandb.ai/peacockery/peacock-asr-runs/runs/opwkj3v7
2026-03-04 10:58:40,773 peacock_asr.gopt_model INFO     Norm stats: mean=8.822, std=6.996
2026-03-04 10:58:41,413 peacock_asr.gopt_model INFO     GOPT: 27145 params, embed=24, heads=1, depth=3, conpco=True
2026-03-04 10:58:42,751 - wandb.wandb_agent - INFO - Running runs: ['opwkj3v7']
2026-03-04 10:58:43,147 track09 INFO     Epoch 1/100  loss=0.2317  lr=1.00e-03  (1.2s)
2026-03-04 10:58:43,148 peacock_asr.gopt_model INFO     Epoch 1/100  loss=0.2317 (mse=0.5698 oe=-0.3380 clap=0.0000)  lr=1.00e-03
2026-03-04 10:58:58,599 track09 INFO     Epoch 20/100  loss=-0.5794  lr=5.00e-04  (0.8s)
2026-03-04 10:58:58,599 peacock_asr.gopt_model INFO     Epoch 20/100  loss=-0.5794 (mse=0.0859 oe=-0.6653 clap=0.0000)  lr=5.00e-04
2026-03-04 10:59:13,849 track09 INFO     Epoch 40/100  loss=-0.5967  lr=3.13e-05  (0.7s)
2026-03-04 10:59:13,849 peacock_asr.gopt_model INFO     Epoch 40/100  loss=-0.5967 (mse=0.0713 oe=-0.6680 clap=0.0000)  lr=3.13e-05
2026-03-04 10:59:28,900 track09 INFO     Epoch 60/100  loss=-0.5988  lr=1.95e-06  (0.7s)
2026-03-04 10:59:28,901 peacock_asr.gopt_model INFO     Epoch 60/100  loss=-0.5988 (mse=0.0696 oe=-0.6684 clap=0.0000)  lr=1.95e-06
2026-03-04 10:59:44,315 track09 INFO     Epoch 80/100  loss=-0.5987  lr=1.22e-07  (0.8s)
2026-03-04 10:59:44,316 peacock_asr.gopt_model INFO     Epoch 80/100  loss=-0.5987 (mse=0.0695 oe=-0.6681 clap=0.0000)  lr=1.22e-07
2026-03-04 10:59:59,709 track09 INFO     Epoch 100/100  loss=-0.5988  lr=1.53e-08  (0.8s)
2026-03-04 10:59:59,709 peacock_asr.gopt_model INFO     Epoch 100/100  loss=-0.5988 (mse=0.0692 oe=-0.6681 clap=0.0000)  lr=1.53e-08
2026-03-04 11:00:00,596 track09 INFO     Done. PCC=0.6397  MSE=0.0821  n_phones=47369
wandb: updating run metadata
wandb: uploading config.yaml; uploading output.log; uploading wandb-summary.json
wandb: uploading history steps 94-100, summary, console lines 12-14
wandb: 
wandb: Run history:
wandb:           epoch ▁▁▁▁▂▂▂▂▂▂▂▂▃▃▃▃▃▃▃▃▄▄▄▅▅▅▅▆▆▆▆▆▆▇▇▇▇▇██
wandb:  epoch_time_sec █▄▃▄▃▂▄▄▃▅▃▃▃▄▂▃▄▁▁▁▂▁▁▃▁▂▃▃▄▄▃▂▄▂▁▄▂▄▂▃
wandb:  final/n_phones ▁
wandb:   final/phn_mse ▁
wandb:   final/phn_pcc ▁
wandb:              lr ███████▄▄▄▃▂▂▂▁▁▁▁▁▁▁▁▁▁▁▁▁▁▁▁▁▁▁▁▁▁▁▁▁▁
wandb:      train/loss █▂▂▁▁▁▁▁▁▁▁▁▁▁▁▁▁▁▁▁▁▁▁▁▁▁▁▁▁▁▁▁▁▁▁▁▁▁▁▁
wandb: train/loss_clap ▁▁▁▁▁▁▁▁▁▁▁▁▁▁▁▁▁▁▁▁▁▁▁▁▁▁▁▁▁▁▁▁▁▁▁▁▁▁▁▁
wandb:  train/loss_mse █▆▆▅▅▄▅▃▃▃▂▂▂▂▁▁▁▁▁▁▁▁▁▁▁▁▁▁▁▁▁▁▁▁▁▁▁▁▁▁
wandb:   train/loss_oe █▆▅▃▂▂▂▁▁▁▁▁▁▁▁▁▁▁▁▁▁▁▁▁▁▁▁▁▁▁▁▁▁▁▁▁▁▁▁▁
wandb: 
wandb: Run summary:
wandb:           epoch 100
wandb:  epoch_time_sec 0.7898
wandb:  final/n_phones 47369
wandb:   final/phn_mse 0.08208
wandb:   final/phn_pcc 0.63969
wandb:              lr 0.0
wandb:         phn_mse 0.08208
wandb:         phn_pcc 0.63969
wandb:      train/loss -0.59884
wandb: train/loss_clap 0
wandb:              +2 ...
wandb: 
wandb: 🚀 View run track09-p1b-seed66 at: https://wandb.ai/peacockery/peacock-asr-runs/runs/opwkj3v7
wandb: ⭐️ View project at: https://wandb.ai/peacockery/peacock-asr-runs
wandb: Synced 5 W&B file(s), 0 media file(s), 0 artifact file(s) and 0 other file(s)
wandb: Find logs at: ./wandb/run-20260304_105839-opwkj3v7/logs
2026-03-04 11:00:06,225 - wandb.wandb_agent - INFO - Cleaning up finished run: opwkj3v7
2026-03-04 11:00:09,582 - wandb.wandb_agent - INFO - Agent received command: run
2026-03-04 11:00:09,582 - wandb.wandb_agent - INFO - Agent starting run with config:
	ablation: p1c
	batch-size: 25
	depth: 3
	embed-dim: 24
	lambda-clap-t2a: 0.5
	lambda-d: 0.5
	lambda-t: 0.1
	lr: 0.001
	margin: 1
	n-epochs: 100
	num-heads: 1
	seed: 22
	tag: track09-p1
	w-clap: 1
	w-mse: 1
	w-oe: 1
	wandb-project: peacock-asr
2026-03-04 11:00:09,584 - wandb.wandb_agent - INFO - About to run command: /usr/bin/env uv run runs/track09_conpco_ablation.py --ablation=p1c --batch-size=25 --depth=3 --embed-dim=24 --lambda-clap-t2a=0.5 --lambda-d=0.5 --lambda-t=0.1 --lr=0.001 --margin=1 --n-epochs=100 --num-heads=1 --seed=22 --tag=track09-p1 --w-clap=1 --w-mse=1 --w-oe=1 --wandb-project=peacock-asr
2026-03-04 11:00:10,618 track09 INFO     Ablation: p1c (MSE+OE+CLAP), seed=22
2026-03-04 11:00:10,671 track09 INFO     Found cached features (old format) at /home/simon/github/peacock-asr/.cache/features/original__checkpoint-8000_
2026-03-04 11:00:11,715 track09 INFO     Loaded 2500 train, 2500 test utterances (feat_dim=42)
2026-03-04 11:00:11,717 track09 INFO     Device: cuda
wandb: [wandb.login()] Loaded credentials for https://api.wandb.ai from /home/simon/.netrc.
wandb: Currently logged in as: cheez2012 (peacockery) to https://api.wandb.ai. Use `wandb login --relogin` to force relogin
wandb: WARNING Ignoring project 'peacock-asr' when running a sweep.
wandb: setting up run llvda9z3
wandb: Tracking run with wandb version 0.25.0
wandb: Run data is saved locally in /home/simon/github/peacock-asr/wandb/run-20260304_110012-llvda9z3
wandb: Run `wandb offline` to turn off syncing.
wandb: Syncing run track09-p1c-seed22
wandb: ⭐️ View project at https://wandb.ai/peacockery/peacock-asr-runs
wandb: 🧹 View sweep at https://wandb.ai/peacockery/peacock-asr-runs/sweeps/p38g7dnj
wandb: 🚀 View run at https://wandb.ai/peacockery/peacock-asr-runs/runs/llvda9z3
2026-03-04 11:00:13,932 peacock_asr.gopt_model INFO     Norm stats: mean=8.822, std=6.996
2026-03-04 11:00:14,612 - wandb.wandb_agent - INFO - Running runs: ['llvda9z3']
2026-03-04 11:00:14,771 peacock_asr.gopt_model INFO     GOPT: 27145 params, embed=24, heads=1, depth=3, conpco=True
2026-03-04 11:00:17,326 track09 INFO     Epoch 1/100  loss=4.3260  lr=1.00e-03  (1.9s)
2026-03-04 11:00:17,327 peacock_asr.gopt_model INFO     Epoch 1/100  loss=4.3260 (mse=1.1454 oe=-0.3829 clap=3.5634)  lr=1.00e-03
2026-03-04 11:00:38,623 track09 INFO     Epoch 20/100  loss=2.1350  lr=5.00e-04  (1.1s)
2026-03-04 11:00:38,623 peacock_asr.gopt_model INFO     Epoch 20/100  loss=2.1350 (mse=0.0987 oe=-0.6643 clap=2.7006)  lr=5.00e-04
2026-03-04 11:00:58,156 track09 INFO     Epoch 40/100  loss=2.1075  lr=3.13e-05  (1.0s)
2026-03-04 11:00:58,156 peacock_asr.gopt_model INFO     Epoch 40/100  loss=2.1075 (mse=0.0837 oe=-0.6673 clap=2.6911)  lr=3.13e-05
2026-03-04 11:01:17,170 track09 INFO     Epoch 60/100  loss=2.1062  lr=1.95e-06  (1.0s)
2026-03-04 11:01:17,171 peacock_asr.gopt_model INFO     Epoch 60/100  loss=2.1062 (mse=0.0827 oe=-0.6673 clap=2.6907)  lr=1.95e-06
2026-03-04 11:01:35,226 track09 INFO     Epoch 80/100  loss=2.1071  lr=1.22e-07  (0.9s)
2026-03-04 11:01:35,226 peacock_asr.gopt_model INFO     Epoch 80/100  loss=2.1071 (mse=0.0826 oe=-0.6672 clap=2.6917)  lr=1.22e-07
2026-03-04 11:01:56,364 track09 INFO     Epoch 100/100  loss=2.1063  lr=1.53e-08  (1.1s)
2026-03-04 11:01:56,365 peacock_asr.gopt_model INFO     Epoch 100/100  loss=2.1063 (mse=0.0826 oe=-0.6673 clap=2.6910)  lr=1.53e-08
2026-03-04 11:01:57,055 track09 INFO     Done. PCC=0.6402  MSE=0.0808  n_phones=47369
wandb: updating run metadata
wandb: uploading output.log; uploading wandb-summary.json; uploading config.yaml
wandb: 
wandb: Run history:
wandb:           epoch ▁▁▁▁▂▂▂▂▂▂▃▃▃▃▃▃▄▄▄▄▄▅▅▅▅▆▆▆▆▆▆▆▇▇▇▇▇███
wandb:  epoch_time_sec █▄▃▂▂▂▃▅▄▅▃▂▂▂▂▂▃▂▃▁▂▃▁▁▂▂▁▁▂▁▃▂▂▃▂▂▂▃▃▃
wandb:  final/n_phones ▁
wandb:   final/phn_mse ▁
wandb:   final/phn_pcc ▁
wandb:              lr ██████████▄▄▃▃▂▂▁▁▁▁▁▁▁▁▁▁▁▁▁▁▁▁▁▁▁▁▁▁▁▁
wandb:      train/loss █▄▃▃▃▂▂▂▂▂▂▁▂▁▁▁▁▁▁▁▁▁▁▁▁▁▁▁▁▁▁▁▁▁▁▁▁▁▁▁
wandb: train/loss_clap █▃▂▂▂▂▁▁▁▁▁▁▁▁▁▁▁▁▁▁▁▁▁▁▁▁▁▁▁▁▁▁▁▁▁▁▁▁▁▁
wandb:  train/loss_mse █▇▄▄▄▄▄▃▄▃▃▂▂▂▁▁▁▁▁▁▁▁▁▁▁▁▁▁▁▁▁▁▁▁▁▁▁▁▁▁
wandb:   train/loss_oe █▂▂▂▁▁▁▁▁▁▁▁▁▁▁▁▁▁▁▁▁▁▁▁▁▁▁▁▁▁▁▁▁▁▁▁▁▁▁▁
wandb: 
wandb: Run summary:
wandb:           epoch 100
wandb:  epoch_time_sec 1.0619
wandb:  final/n_phones 47369
wandb:   final/phn_mse 0.08082
wandb:   final/phn_pcc 0.64016
wandb:              lr 0.0
wandb:         phn_mse 0.08082
wandb:         phn_pcc 0.64016
wandb:      train/loss 2.10628
wandb: train/loss_clap 2.69101
wandb:              +2 ...
wandb: 
wandb: 🚀 View run track09-p1c-seed22 at: https://wandb.ai/peacockery/peacock-asr-runs/runs/llvda9z3
wandb: ⭐️ View project at: https://wandb.ai/peacockery/peacock-asr-runs
wandb: Synced 5 W&B file(s), 0 media file(s), 0 artifact file(s) and 0 other file(s)
wandb: Find logs at: ./wandb/run-20260304_110012-llvda9z3/logs
2026-03-04 11:02:03,741 - wandb.wandb_agent - INFO - Cleaning up finished run: llvda9z3
2026-03-04 11:02:04,580 - wandb.wandb_agent - INFO - Agent received command: run
2026-03-04 11:02:04,581 - wandb.wandb_agent - INFO - Agent starting run with config:
	ablation: p1c
	batch-size: 25
	depth: 3
	embed-dim: 24
	lambda-clap-t2a: 0.5
	lambda-d: 0.5
	lambda-t: 0.1
	lr: 0.001
	margin: 1
	n-epochs: 100
	num-heads: 1
	seed: 33
	tag: track09-p1
	w-clap: 1
	w-mse: 1
	w-oe: 1
	wandb-project: peacock-asr
2026-03-04 11:02:04,584 - wandb.wandb_agent - INFO - About to run command: /usr/bin/env uv run runs/track09_conpco_ablation.py --ablation=p1c --batch-size=25 --depth=3 --embed-dim=24 --lambda-clap-t2a=0.5 --lambda-d=0.5 --lambda-t=0.1 --lr=0.001 --margin=1 --n-epochs=100 --num-heads=1 --seed=33 --tag=track09-p1 --w-clap=1 --w-mse=1 --w-oe=1 --wandb-project=peacock-asr
2026-03-04 11:02:05,348 track09 INFO     Ablation: p1c (MSE+OE+CLAP), seed=33
2026-03-04 11:02:05,399 track09 INFO     Found cached features (old format) at /home/simon/github/peacock-asr/.cache/features/original__checkpoint-8000_
2026-03-04 11:02:06,181 track09 INFO     Loaded 2500 train, 2500 test utterances (feat_dim=42)
2026-03-04 11:02:06,183 track09 INFO     Device: cuda
wandb: [wandb.login()] Loaded credentials for https://api.wandb.ai from /home/simon/.netrc.
wandb: Currently logged in as: cheez2012 (peacockery) to https://api.wandb.ai. Use `wandb login --relogin` to force relogin
wandb: WARNING Ignoring project 'peacock-asr' when running a sweep.
wandb: setting up run t5md2zer
wandb: Tracking run with wandb version 0.25.0
wandb: Run data is saved locally in /home/simon/github/peacock-asr/wandb/run-20260304_110207-t5md2zer
wandb: Run `wandb offline` to turn off syncing.
wandb: Syncing run track09-p1c-seed33
wandb: ⭐️ View project at https://wandb.ai/peacockery/peacock-asr-runs
wandb: 🧹 View sweep at https://wandb.ai/peacockery/peacock-asr-runs/sweeps/p38g7dnj
wandb: 🚀 View run at https://wandb.ai/peacockery/peacock-asr-runs/runs/t5md2zer
2026-03-04 11:02:08,142 peacock_asr.gopt_model INFO     Norm stats: mean=8.822, std=6.996
2026-03-04 11:02:08,777 peacock_asr.gopt_model INFO     GOPT: 27145 params, embed=24, heads=1, depth=3, conpco=True
2026-03-04 11:02:09,610 - wandb.wandb_agent - INFO - Running runs: ['t5md2zer']
2026-03-04 11:02:10,846 track09 INFO     Epoch 1/100  loss=3.9361  lr=1.00e-03  (1.5s)
2026-03-04 11:02:10,847 peacock_asr.gopt_model INFO     Epoch 1/100  loss=3.9361 (mse=0.7306 oe=-0.3689 clap=3.5744)  lr=1.00e-03
2026-03-04 11:02:27,897 track09 INFO     Epoch 20/100  loss=2.1070  lr=5.00e-04  (1.0s)
2026-03-04 11:02:27,897 peacock_asr.gopt_model INFO     Epoch 20/100  loss=2.1070 (mse=0.0881 oe=-0.6662 clap=2.6851)  lr=5.00e-04
2026-03-04 11:02:46,485 track09 INFO     Epoch 40/100  loss=2.0888  lr=3.13e-05  (0.8s)
2026-03-04 11:02:46,485 peacock_asr.gopt_model INFO     Epoch 40/100  loss=2.0888 (mse=0.0735 oe=-0.6682 clap=2.6835)  lr=3.13e-05
2026-03-04 11:03:06,189 track09 INFO     Epoch 60/100  loss=2.0881  lr=1.95e-06  (1.0s)
2026-03-04 11:03:06,189 peacock_asr.gopt_model INFO     Epoch 60/100  loss=2.0881 (mse=0.0719 oe=-0.6683 clap=2.6845)  lr=1.95e-06
2026-03-04 11:03:25,566 track09 INFO     Epoch 80/100  loss=2.0878  lr=1.22e-07  (0.8s)
2026-03-04 11:03:25,566 peacock_asr.gopt_model INFO     Epoch 80/100  loss=2.0878 (mse=0.0717 oe=-0.6685 clap=2.6846)  lr=1.22e-07
2026-03-04 11:03:42,930 track09 INFO     Epoch 100/100  loss=2.0845  lr=1.53e-08  (1.1s)
2026-03-04 11:03:42,931 peacock_asr.gopt_model INFO     Epoch 100/100  loss=2.0845 (mse=0.0716 oe=-0.6684 clap=2.6813)  lr=1.53e-08
2026-03-04 11:03:43,606 track09 INFO     Done. PCC=0.6453  MSE=0.0802  n_phones=47369
wandb: updating run metadata
wandb: uploading wandb-summary.json; uploading config.yaml; uploading output.log
wandb: 
wandb: Run history:
wandb:           epoch ▁▁▁▁▂▂▂▂▂▂▂▃▃▃▄▄▄▄▄▅▅▅▅▅▆▆▆▆▆▆▆▇▇▇▇▇▇███
wandb:  epoch_time_sec ▄▃▇▃█▃▅▂▂▅▅▇▄▅▅▅▆▄▅▅▄▄▃▃▄▇▅▆▆▅▁▁▂▆▅▆▃▂▁▆
wandb:  final/n_phones ▁
wandb:   final/phn_mse ▁
wandb:   final/phn_pcc ▁
wandb:              lr █████████▄▄▄▃▃▂▂▁▁▁▁▁▁▁▁▁▁▁▁▁▁▁▁▁▁▁▁▁▁▁▁
wandb:      train/loss █▃▂▁▁▁▁▁▁▁▁▁▁▁▁▁▁▁▁▁▁▁▁▁▁▁▁▁▁▁▁▁▁▁▁▁▁▁▁▁
wandb: train/loss_clap █▄▂▂▁▁▁▁▁▁▁▁▁▁▁▁▁▁▁▁▁▁▁▁▁▁▁▁▁▁▁▁▁▁▁▁▁▁▁▁
wandb:  train/loss_mse █▇▆▆▅▅▅▅▅▅▃▂▂▂▂▁▁▁▁▁▁▁▁▁▁▁▁▁▁▁▁▁▁▁▁▁▁▁▁▁
wandb:   train/loss_oe █▆▅▄▄▃▃▂▂▂▂▁▁▁▁▁▁▁▁▁▁▁▁▁▁▁▁▁▁▁▁▁▁▁▁▁▁▁▁▁
wandb: 
wandb: Run summary:
wandb:           epoch 100
wandb:  epoch_time_sec 1.05107
wandb:  final/n_phones 47369
wandb:   final/phn_mse 0.08017
wandb:   final/phn_pcc 0.64534
wandb:              lr 0.0
wandb:         phn_mse 0.08017
wandb:         phn_pcc 0.64534
wandb:      train/loss 2.08446
wandb: train/loss_clap 2.68127
wandb:              +2 ...
wandb: 
wandb: 🚀 View run track09-p1c-seed33 at: https://wandb.ai/peacockery/peacock-asr-runs/runs/t5md2zer
wandb: ⭐️ View project at: https://wandb.ai/peacockery/peacock-asr-runs
wandb: Synced 5 W&B file(s), 0 media file(s), 0 artifact file(s) and 0 other file(s)
wandb: Find logs at: ./wandb/run-20260304_110207-t5md2zer/logs
2026-03-04 11:03:47,853 - wandb.wandb_agent - INFO - Cleaning up finished run: t5md2zer
2026-03-04 11:03:48,824 - wandb.wandb_agent - INFO - Agent received command: run
2026-03-04 11:03:48,824 - wandb.wandb_agent - INFO - Agent starting run with config:
	ablation: p1c
	batch-size: 25
	depth: 3
	embed-dim: 24
	lambda-clap-t2a: 0.5
	lambda-d: 0.5
	lambda-t: 0.1
	lr: 0.001
	margin: 1
	n-epochs: 100
	num-heads: 1
	seed: 44
	tag: track09-p1
	w-clap: 1
	w-mse: 1
	w-oe: 1
	wandb-project: peacock-asr
2026-03-04 11:03:48,825 - wandb.wandb_agent - INFO - About to run command: /usr/bin/env uv run runs/track09_conpco_ablation.py --ablation=p1c --batch-size=25 --depth=3 --embed-dim=24 --lambda-clap-t2a=0.5 --lambda-d=0.5 --lambda-t=0.1 --lr=0.001 --margin=1 --n-epochs=100 --num-heads=1 --seed=44 --tag=track09-p1 --w-clap=1 --w-mse=1 --w-oe=1 --wandb-project=peacock-asr
2026-03-04 11:03:49,577 track09 INFO     Ablation: p1c (MSE+OE+CLAP), seed=44
2026-03-04 11:03:49,619 track09 INFO     Found cached features (old format) at /home/simon/github/peacock-asr/.cache/features/original__checkpoint-8000_
2026-03-04 11:03:50,442 track09 INFO     Loaded 2500 train, 2500 test utterances (feat_dim=42)
2026-03-04 11:03:50,444 track09 INFO     Device: cuda
wandb: [wandb.login()] Loaded credentials for https://api.wandb.ai from /home/simon/.netrc.
wandb: Currently logged in as: cheez2012 (peacockery) to https://api.wandb.ai. Use `wandb login --relogin` to force relogin
wandb: WARNING Ignoring project 'peacock-asr' when running a sweep.
wandb: setting up run d1zjxinp
wandb: Tracking run with wandb version 0.25.0
wandb: Run data is saved locally in /home/simon/github/peacock-asr/wandb/run-20260304_110351-d1zjxinp
wandb: Run `wandb offline` to turn off syncing.
wandb: Syncing run track09-p1c-seed44
wandb: ⭐️ View project at https://wandb.ai/peacockery/peacock-asr-runs
wandb: 🧹 View sweep at https://wandb.ai/peacockery/peacock-asr-runs/sweeps/p38g7dnj
wandb: 🚀 View run at https://wandb.ai/peacockery/peacock-asr-runs/runs/d1zjxinp
2026-03-04 11:03:52,045 peacock_asr.gopt_model INFO     Norm stats: mean=8.822, std=6.996
2026-03-04 11:03:52,626 peacock_asr.gopt_model INFO     GOPT: 27145 params, embed=24, heads=1, depth=3, conpco=True
2026-03-04 11:03:53,851 - wandb.wandb_agent - INFO - Running runs: ['d1zjxinp']
2026-03-04 11:03:59,349 track09 INFO     Epoch 1/100  loss=3.8000  lr=1.00e-03  (6.2s)
2026-03-04 11:03:59,349 peacock_asr.gopt_model INFO     Epoch 1/100  loss=3.8000 (mse=0.5543 oe=-0.3171 clap=3.5628)  lr=1.00e-03
2026-03-04 11:04:17,333 track09 INFO     Epoch 20/100  loss=2.1313  lr=5.00e-04  (1.0s)
2026-03-04 11:04:17,333 peacock_asr.gopt_model INFO     Epoch 20/100  loss=2.1313 (mse=0.0863 oe=-0.6617 clap=2.7067)  lr=5.00e-04
2026-03-04 11:04:36,211 track09 INFO     Epoch 40/100  loss=2.0981  lr=3.13e-05  (0.8s)
2026-03-04 11:04:36,211 peacock_asr.gopt_model INFO     Epoch 40/100  loss=2.0981 (mse=0.0720 oe=-0.6647 clap=2.6908)  lr=3.13e-05
2026-03-04 11:04:54,165 track09 INFO     Epoch 60/100  loss=2.1027  lr=1.95e-06  (0.8s)
2026-03-04 11:04:54,165 peacock_asr.gopt_model INFO     Epoch 60/100  loss=2.1027 (mse=0.0707 oe=-0.6649 clap=2.6969)  lr=1.95e-06
2026-03-04 11:05:13,156 track09 INFO     Epoch 80/100  loss=2.1013  lr=1.22e-07  (0.8s)
2026-03-04 11:05:13,156 peacock_asr.gopt_model INFO     Epoch 80/100  loss=2.1013 (mse=0.0707 oe=-0.6648 clap=2.6954)  lr=1.22e-07
2026-03-04 11:05:30,635 track09 INFO     Epoch 100/100  loss=2.1020  lr=1.53e-08  (0.9s)
2026-03-04 11:05:30,635 peacock_asr.gopt_model INFO     Epoch 100/100  loss=2.1020 (mse=0.0703 oe=-0.6647 clap=2.6964)  lr=1.53e-08
2026-03-04 11:05:31,272 track09 INFO     Done. PCC=0.6407  MSE=0.0814  n_phones=47369
wandb: updating run metadata
wandb: uploading config.yaml; uploading output.log; uploading wandb-summary.json
wandb: 
wandb: Run history:
wandb:           epoch ▁▁▁▁▁▂▂▂▂▂▂▃▃▃▃▄▄▄▄▄▅▅▅▅▅▅▆▆▆▆▇▇▇▇▇▇▇███
wandb:  epoch_time_sec ▅▅▃▄▃▃▇▅█▅▄▄▃▃█▄▃▂▂▇▁▂▄▁▄▁▅▆▂▄▃▃▂▃▂▆▂▆▂▁
wandb:  final/n_phones ▁
wandb:   final/phn_mse ▁
wandb:   final/phn_pcc ▁
wandb:              lr █████████▄▄▄▃▃▃▂▂▁▁▁▁▁▁▁▁▁▁▁▁▁▁▁▁▁▁▁▁▁▁▁
wandb:      train/loss █▃▂▂▂▂▂▂▁▁▁▁▁▁▁▁▁▁▁▁▁▁▁▁▁▁▁▁▁▁▁▁▁▁▁▁▁▁▁▁
wandb: train/loss_clap █▃▂▁▁▁▁▁▁▁▁▁▁▁▁▁▁▁▁▁▁▁▁▁▁▁▁▁▁▁▁▁▁▁▁▁▁▁▁▁
wandb:  train/loss_mse █▂▁▁▁▁▁▁▁▁▁▁▁▁▁▁▁▁▁▁▁▁▁▁▁▁▁▁▁▁▁▁▁▁▁▁▁▁▁▁
wandb:   train/loss_oe █▆▄▄▃▂▂▂▂▂▁▁▁▁▁▁▁▁▁▁▁▁▁▁▁▁▁▁▁▁▁▁▁▁▁▁▁▁▁▁
wandb: 
wandb: Run summary:
wandb:           epoch 100
wandb:  epoch_time_sec 0.94084
wandb:  final/n_phones 47369
wandb:   final/phn_mse 0.08138
wandb:   final/phn_pcc 0.64072
wandb:              lr 0.0
wandb:         phn_mse 0.08138
wandb:         phn_pcc 0.64072
wandb:      train/loss 2.10202
wandb: train/loss_clap 2.69641
wandb:              +2 ...
wandb: 
wandb: 🚀 View run track09-p1c-seed44 at: https://wandb.ai/peacockery/peacock-asr-runs/runs/d1zjxinp
wandb: ⭐️ View project at: https://wandb.ai/peacockery/peacock-asr-runs
wandb: Synced 5 W&B file(s), 0 media file(s), 0 artifact file(s) and 0 other file(s)
wandb: Find logs at: ./wandb/run-20260304_110351-d1zjxinp/logs
2026-03-04 11:05:38,096 - wandb.wandb_agent - INFO - Cleaning up finished run: d1zjxinp
2026-03-04 11:05:38,850 - wandb.wandb_agent - INFO - Agent received command: run
2026-03-04 11:05:38,850 - wandb.wandb_agent - INFO - Agent starting run with config:
	ablation: p1c
	batch-size: 25
	depth: 3
	embed-dim: 24
	lambda-clap-t2a: 0.5
	lambda-d: 0.5
	lambda-t: 0.1
	lr: 0.001
	margin: 1
	n-epochs: 100
	num-heads: 1
	seed: 55
	tag: track09-p1
	w-clap: 1
	w-mse: 1
	w-oe: 1
	wandb-project: peacock-asr
2026-03-04 11:05:38,853 - wandb.wandb_agent - INFO - About to run command: /usr/bin/env uv run runs/track09_conpco_ablation.py --ablation=p1c --batch-size=25 --depth=3 --embed-dim=24 --lambda-clap-t2a=0.5 --lambda-d=0.5 --lambda-t=0.1 --lr=0.001 --margin=1 --n-epochs=100 --num-heads=1 --seed=55 --tag=track09-p1 --w-clap=1 --w-mse=1 --w-oe=1 --wandb-project=peacock-asr
2026-03-04 11:05:39,558 track09 INFO     Ablation: p1c (MSE+OE+CLAP), seed=55
2026-03-04 11:05:39,597 track09 INFO     Found cached features (old format) at /home/simon/github/peacock-asr/.cache/features/original__checkpoint-8000_
2026-03-04 11:05:40,362 track09 INFO     Loaded 2500 train, 2500 test utterances (feat_dim=42)
2026-03-04 11:05:40,364 track09 INFO     Device: cuda
wandb: [wandb.login()] Loaded credentials for https://api.wandb.ai from /home/simon/.netrc.
wandb: Currently logged in as: cheez2012 (peacockery) to https://api.wandb.ai. Use `wandb login --relogin` to force relogin
wandb: WARNING Ignoring project 'peacock-asr' when running a sweep.
wandb: setting up run sgarq2x2
wandb: Tracking run with wandb version 0.25.0
wandb: Run data is saved locally in /home/simon/github/peacock-asr/wandb/run-20260304_110540-sgarq2x2
wandb: Run `wandb offline` to turn off syncing.
wandb: Syncing run track09-p1c-seed55
wandb: ⭐️ View project at https://wandb.ai/peacockery/peacock-asr-runs
wandb: 🧹 View sweep at https://wandb.ai/peacockery/peacock-asr-runs/sweeps/p38g7dnj
wandb: 🚀 View run at https://wandb.ai/peacockery/peacock-asr-runs/runs/sgarq2x2
2026-03-04 11:05:41,780 peacock_asr.gopt_model INFO     Norm stats: mean=8.822, std=6.996
2026-03-04 11:05:42,354 peacock_asr.gopt_model INFO     GOPT: 27145 params, embed=24, heads=1, depth=3, conpco=True
2026-03-04 11:05:43,880 - wandb.wandb_agent - INFO - Running runs: ['sgarq2x2']
2026-03-04 11:05:44,357 track09 INFO     Epoch 1/100  loss=3.8053  lr=1.00e-03  (1.5s)
2026-03-04 11:05:44,357 peacock_asr.gopt_model INFO     Epoch 1/100  loss=3.8053 (mse=0.5461 oe=-0.3108 clap=3.5700)  lr=1.00e-03
2026-03-04 11:06:00,847 track09 INFO     Epoch 20/100  loss=2.1021  lr=5.00e-04  (0.9s)
2026-03-04 11:06:00,847 peacock_asr.gopt_model INFO     Epoch 20/100  loss=2.1021 (mse=0.0935 oe=-0.6675 clap=2.6761)  lr=5.00e-04
2026-03-04 11:06:19,249 track09 INFO     Epoch 40/100  loss=2.0851  lr=3.13e-05  (0.8s)
2026-03-04 11:06:19,249 peacock_asr.gopt_model INFO     Epoch 40/100  loss=2.0851 (mse=0.0816 oe=-0.6697 clap=2.6732)  lr=3.13e-05
2026-03-04 11:06:38,855 track09 INFO     Epoch 60/100  loss=2.0806  lr=1.95e-06  (0.8s)
2026-03-04 11:06:38,855 peacock_asr.gopt_model INFO     Epoch 60/100  loss=2.0806 (mse=0.0798 oe=-0.6697 clap=2.6705)  lr=1.95e-06
2026-03-04 11:06:57,077 track09 INFO     Epoch 80/100  loss=2.0858  lr=1.22e-07  (1.0s)
2026-03-04 11:06:57,077 peacock_asr.gopt_model INFO     Epoch 80/100  loss=2.0858 (mse=0.0798 oe=-0.6696 clap=2.6756)  lr=1.22e-07
2026-03-04 11:07:16,420 track09 INFO     Epoch 100/100  loss=2.0782  lr=1.53e-08  (0.8s)
2026-03-04 11:07:16,420 peacock_asr.gopt_model INFO     Epoch 100/100  loss=2.0782 (mse=0.0798 oe=-0.6696 clap=2.6680)  lr=1.53e-08
2026-03-04 11:07:17,090 track09 INFO     Done. PCC=0.6320  MSE=0.0826  n_phones=47369
wandb: updating run metadata
wandb: uploading history steps 94-100, summary, console lines 12-14
wandb: 
wandb: Run history:
wandb:           epoch ▁▁▁▁▂▂▂▂▂▂▃▃▃▃▃▃▄▄▄▄▄▅▅▅▅▆▆▆▆▆▇▇▇▇▇▇▇███
wandb:  epoch_time_sec █▂▂▂▁▃▃▄▃▃▃▃▁▆▃▄▂▂▃▄▅▂▃▂▁▁▃▂▂▃▃▂▃▄▄▃▁▃▂▁
wandb:  final/n_phones ▁
wandb:   final/phn_mse ▁
wandb:   final/phn_pcc ▁
wandb:              lr ██████████▄▄▄▄▄▃▃▂▂▁▁▁▁▁▁▁▁▁▁▁▁▁▁▁▁▁▁▁▁▁
wandb:      train/loss █▄▃▃▂▂▂▂▁▁▁▁▁▁▁▁▁▁▁▁▁▁▁▁▁▁▁▁▁▁▁▁▁▁▁▁▁▁▁▁
wandb: train/loss_clap █▆▅▄▄▂▂▂▂▂▂▂▂▁▂▁▂▁▁▂▂▁▁▁▁▂▁▂▂▁▂▂▂▂▁▁▁▂▁▂
wandb:  train/loss_mse █▂▁▁▁▁▁▁▁▁▁▁▁▁▁▁▁▁▁▁▁▁▁▁▁▁▁▁▁▁▁▁▁▁▁▁▁▁▁▁
wandb:   train/loss_oe █▂▁▁▁▁▁▁▁▁▁▁▁▁▁▁▁▁▁▁▁▁▁▁▁▁▁▁▁▁▁▁▁▁▁▁▁▁▁▁
wandb: 
wandb: Run summary:
wandb:           epoch 100
wandb:  epoch_time_sec 0.7546
wandb:  final/n_phones 47369
wandb:   final/phn_mse 0.0826
wandb:   final/phn_pcc 0.63196
wandb:              lr 0.0
wandb:         phn_mse 0.0826
wandb:         phn_pcc 0.63196
wandb:      train/loss 2.07825
wandb: train/loss_clap 2.66805
wandb:              +2 ...
wandb: 
wandb: 🚀 View run track09-p1c-seed55 at: https://wandb.ai/peacockery/peacock-asr-runs/runs/sgarq2x2
wandb: ⭐️ View project at: https://wandb.ai/peacockery/peacock-asr-runs
wandb: Synced 5 W&B file(s), 0 media file(s), 0 artifact file(s) and 0 other file(s)
wandb: Find logs at: ./wandb/run-20260304_110540-sgarq2x2/logs
2026-03-04 11:07:21,927 - wandb.wandb_agent - INFO - Cleaning up finished run: sgarq2x2
2026-03-04 11:07:22,497 - wandb.wandb_agent - INFO - Agent received command: run
2026-03-04 11:07:22,498 - wandb.wandb_agent - INFO - Agent starting run with config:
	ablation: p1c
	batch-size: 25
	depth: 3
	embed-dim: 24
	lambda-clap-t2a: 0.5
	lambda-d: 0.5
	lambda-t: 0.1
	lr: 0.001
	margin: 1
	n-epochs: 100
	num-heads: 1
	seed: 66
	tag: track09-p1
	w-clap: 1
	w-mse: 1
	w-oe: 1
	wandb-project: peacock-asr
2026-03-04 11:07:22,499 - wandb.wandb_agent - INFO - About to run command: /usr/bin/env uv run runs/track09_conpco_ablation.py --ablation=p1c --batch-size=25 --depth=3 --embed-dim=24 --lambda-clap-t2a=0.5 --lambda-d=0.5 --lambda-t=0.1 --lr=0.001 --margin=1 --n-epochs=100 --num-heads=1 --seed=66 --tag=track09-p1 --w-clap=1 --w-mse=1 --w-oe=1 --wandb-project=peacock-asr
2026-03-04 11:07:23,242 track09 INFO     Ablation: p1c (MSE+OE+CLAP), seed=66
2026-03-04 11:07:23,285 track09 INFO     Found cached features (old format) at /home/simon/github/peacock-asr/.cache/features/original__checkpoint-8000_
2026-03-04 11:07:24,090 track09 INFO     Loaded 2500 train, 2500 test utterances (feat_dim=42)
2026-03-04 11:07:24,092 track09 INFO     Device: cuda
wandb: [wandb.login()] Loaded credentials for https://api.wandb.ai from /home/simon/.netrc.
wandb: Currently logged in as: cheez2012 (peacockery) to https://api.wandb.ai. Use `wandb login --relogin` to force relogin
wandb: WARNING Ignoring project 'peacock-asr' when running a sweep.
wandb: setting up run yq4w0hhu
wandb: Tracking run with wandb version 0.25.0
wandb: Run data is saved locally in /home/simon/github/peacock-asr/wandb/run-20260304_110724-yq4w0hhu
wandb: Run `wandb offline` to turn off syncing.
wandb: Syncing run track09-p1c-seed66
wandb: ⭐️ View project at https://wandb.ai/peacockery/peacock-asr-runs
wandb: 🧹 View sweep at https://wandb.ai/peacockery/peacock-asr-runs/sweeps/p38g7dnj
wandb: 🚀 View run at https://wandb.ai/peacockery/peacock-asr-runs/runs/yq4w0hhu
2026-03-04 11:07:25,519 peacock_asr.gopt_model INFO     Norm stats: mean=8.822, std=6.996
2026-03-04 11:07:26,081 peacock_asr.gopt_model INFO     GOPT: 27145 params, embed=24, heads=1, depth=3, conpco=True
2026-03-04 11:07:27,525 - wandb.wandb_agent - INFO - Running runs: ['yq4w0hhu']
2026-03-04 11:07:28,258 track09 INFO     Epoch 1/100  loss=3.7970  lr=1.00e-03  (1.7s)
2026-03-04 11:07:28,259 peacock_asr.gopt_model INFO     Epoch 1/100  loss=3.7970 (mse=0.5697 oe=-0.3386 clap=3.5659)  lr=1.00e-03
2026-03-04 11:07:47,574 track09 INFO     Epoch 20/100  loss=2.1142  lr=5.00e-04  (0.8s)
2026-03-04 11:07:47,574 peacock_asr.gopt_model INFO     Epoch 20/100  loss=2.1142 (mse=0.0871 oe=-0.6644 clap=2.6915)  lr=5.00e-04
2026-03-04 11:08:05,220 track09 INFO     Epoch 40/100  loss=2.0912  lr=3.13e-05  (0.9s)
2026-03-04 11:08:05,220 peacock_asr.gopt_model INFO     Epoch 40/100  loss=2.0912 (mse=0.0710 oe=-0.6673 clap=2.6876)  lr=3.13e-05
2026-03-04 11:08:24,207 track09 INFO     Epoch 60/100  loss=2.0861  lr=1.95e-06  (0.9s)
2026-03-04 11:08:24,207 peacock_asr.gopt_model INFO     Epoch 60/100  loss=2.0861 (mse=0.0691 oe=-0.6676 clap=2.6846)  lr=1.95e-06
2026-03-04 11:08:42,546 track09 INFO     Epoch 80/100  loss=2.0839  lr=1.22e-07  (0.9s)
2026-03-04 11:08:42,546 peacock_asr.gopt_model INFO     Epoch 80/100  loss=2.0839 (mse=0.0690 oe=-0.6675 clap=2.6825)  lr=1.22e-07
2026-03-04 11:09:02,287 track09 INFO     Epoch 100/100  loss=2.0898  lr=1.53e-08  (1.2s)
2026-03-04 11:09:02,287 peacock_asr.gopt_model INFO     Epoch 100/100  loss=2.0898 (mse=0.0688 oe=-0.6676 clap=2.6886)  lr=1.53e-08
2026-03-04 11:09:02,985 track09 INFO     Done. PCC=0.6317  MSE=0.0834  n_phones=47369
wandb: updating run metadata
wandb: uploading output.log; uploading wandb-summary.json; uploading config.yaml
wandb: uploading history steps 93-100, summary, console lines 12-14
wandb: 
wandb: Run history:
wandb:           epoch ▁▁▁▁▁▂▂▂▂▂▂▂▂▂▃▃▃▃▃▃▄▄▄▅▅▅▅▅▆▆▆▆▇▇▇▇▇▇██
wandb:  epoch_time_sec ▄▇▅▄▇▂▃▃▃▃▃▂▁▅▂▃▅▃▆▆▄▁▄▂▄▄▆▂▃▃▂▄▂▃▄▄▄▂▂█
wandb:  final/n_phones ▁
wandb:   final/phn_mse ▁
wandb:   final/phn_pcc ▁
wandb:              lr █████████▄▃▃▂▁▁▁▁▁▁▁▁▁▁▁▁▁▁▁▁▁▁▁▁▁▁▁▁▁▁▁
wandb:      train/loss █▄▃▂▂▂▂▂▂▂▁▁▁▁▁▁▁▁▁▁▁▁▁▁▁▁▁▁▁▁▁▁▁▁▁▁▁▁▁▁
wandb: train/loss_clap █▂▂▁▁▁▁▁▁▁▁▁▁▁▁▁▁▁▁▁▁▁▁▁▁▁▁▁▁▁▁▁▁▁▁▁▁▁▁▁
wandb:  train/loss_mse █▂▂▂▁▁▁▁▁▁▁▁▁▁▁▁▁▁▁▁▁▁▁▁▁▁▁▁▁▁▁▁▁▁▁▁▁▁▁▁
wandb:   train/loss_oe █▄▃▃▂▂▂▁▁▁▁▁▁▁▁▁▁▁▁▁▁▁▁▁▁▁▁▁▁▁▁▁▁▁▁▁▁▁▁▁
wandb: 
wandb: Run summary:
wandb:           epoch 100
wandb:  epoch_time_sec 1.23972
wandb:  final/n_phones 47369
wandb:   final/phn_mse 0.08341
wandb:   final/phn_pcc 0.63168
wandb:              lr 0.0
wandb:         phn_mse 0.08341
wandb:         phn_pcc 0.63168
wandb:      train/loss 2.08981
wandb: train/loss_clap 2.68862
wandb:              +2 ...
wandb: 
wandb: 🚀 View run track09-p1c-seed66 at: https://wandb.ai/peacockery/peacock-asr-runs/runs/yq4w0hhu
wandb: ⭐️ View project at: https://wandb.ai/peacockery/peacock-asr-runs
wandb: Synced 5 W&B file(s), 0 media file(s), 0 artifact file(s) and 0 other file(s)
wandb: Find logs at: ./wandb/run-20260304_110724-yq4w0hhu/logs
2026-03-04 11:09:05,335 - wandb.wandb_agent - INFO - Cleaning up finished run: yq4w0hhu
2026-03-04 11:09:06,033 - wandb.wandb_agent - INFO - Agent received command: exit
2026-03-04 11:09:06,033 - wandb.wandb_agent - INFO - Received exit command. Killing runs and quitting.
wandb: Terminating and syncing runs. Press ctrl-c to kill.
